Using pre-set license
Built from '2020.2/release' branch; Version is '2020.2.2f1 (068178b99f32) revision 426360'; Using compiler version '192528614'; Build Type 'Release'
OS: 'Windows 10 Education; OS build 19042.1052; Version 2009; 64bit' Language: 'en' Physical Memory: 16317 MB
BatchMode: 1, IsHumanControllingUs: 0, StartBugReporterOnCrash: 0, Is64bit: 1, IsPro: 0

 COMMAND LINE ARGUMENTS:
F:\programs\2020.2.2f1\Editor\Unity.exe
-adb2
-batchMode
-noUpm
-name
AssetImportWorker0
-projectPath
C:/Users/Sebastian Mol/Desktop/Sebastian Mol FMP/graveyard zombies
-logFile
Logs/AssetImportWorker0.log
-srvPort
55834
Successfully changed project path to: C:/Users/Sebastian Mol/Desktop/Sebastian Mol FMP/graveyard zombies
C:/Users/Sebastian Mol/Desktop/Sebastian Mol FMP/graveyard zombies
Using Asset Import Pipeline V2.
Refreshing native plugins compatible for Editor in 20.47 ms, found 0 plugins.
Preloading 0 native plugins for Editor in 0.00 ms.
Initialize engine version: 2020.2.2f1 (068178b99f32)
[Subsystems] Discovering subsystems at path F:/programs/2020.2.2f1/Editor/Data/Resources/UnitySubsystems
[Subsystems] Discovering subsystems at path C:/Users/Sebastian Mol/Desktop/Sebastian Mol FMP/graveyard zombies/Assets
GfxDevice: creating device client; threaded=0
Direct3D:
    Version:  Direct3D 11.0 [level 11.1]
    Renderer: NVIDIA GeForce GTX 1080 Ti (ID=0x1b06)
    Vendor:   
    VRAM:     11127 MB
    Driver:   27.21.14.6647
Initialize mono
Mono path[0] = 'F:/programs/2020.2.2f1/Editor/Data/Managed'
Mono path[1] = 'F:/programs/2020.2.2f1/Editor/Data/MonoBleedingEdge/lib/mono/unityjit'
Mono config path = 'F:/programs/2020.2.2f1/Editor/Data/MonoBleedingEdge/etc'
Using monoOptions --debugger-agent=transport=dt_socket,embedding=1,server=y,suspend=n,address=127.0.0.1:56180
Begin MonoManager ReloadAssembly
Registering precompiled unity dll's ...
Register platform support module: F:/programs/2020.2.2f1/Editor/Data/PlaybackEngines/WindowsStandaloneSupport/UnityEditor.WindowsStandalone.Extensions.dll
Registered in 0.001124 seconds.
Native extension for WindowsStandalone target not found
Refreshing native plugins compatible for Editor in 20.54 ms, found 0 plugins.
Preloading 0 native plugins for Editor in 0.00 ms.
Invoked RoslynAnalysisRunner static constructor.
RoslynAnalysisRunner will not be running.
RoslynAnalysisRunner has terminated.
Mono: successfully reloaded assembly
- Completed reload, in  1.103 seconds
Platform modules already initialized, skipping
Registering precompiled user dll's ...
Registered in 0.000583 seconds.
Begin MonoManager ReloadAssembly
Native extension for WindowsStandalone target not found
Refreshing native plugins compatible for Editor in 0.17 ms, found 0 plugins.
Preloading 0 native plugins for Editor in 0.00 ms.
Invoked RoslynAnalysisRunner static constructor.
RoslynAnalysisRunner will not be running.
RoslynAnalysisRunner has terminated.
Mono: successfully reloaded assembly
- Completed reload, in  0.746 seconds
Platform modules already initialized, skipping
========================================================================
Worker process is ready to serve import requests
Launched and connected shader compiler UnityShaderCompiler.exe after 0.05 seconds
Refreshing native plugins compatible for Editor in 0.27 ms, found 0 plugins.
Preloading 0 native plugins for Editor in 0.00 ms.
Unloading 1099 Unused Serialized files (Serialized files now loaded: 0)
System memory in use before: 56.7 MB.
System memory in use after: 56.7 MB.

Unloading 10 unused Assets to reduce memory usage. Loaded Objects now: 1540.
Total: 1.569600 ms (FindLiveObjects: 0.101500 ms CreateObjectMapping: 0.029400 ms MarkObjects: 1.375700 ms  DeleteObjects: 0.062000 ms)

========================================================================
Received Import Request.
  path: Assets/guns
  artifactKey: Guid(1d8edea6f974a1745be35b94d51eb0ec) Importer(815301076,1909f56bfc062723c751e8b465ee728b)
Start importing Assets/guns using Guid(1d8edea6f974a1745be35b94d51eb0ec) Importer(815301076,1909f56bfc062723c751e8b465ee728b)  -> (artifact id: '71d578f86564d9877692a41ed7a6d52a') in 0.008368 seconds
  Import took 0.010204 seconds .

========================================================================
Received Import Request.
  Time since last request: 0.000221 seconds.
  path: Assets/guns/obj_mtl
  artifactKey: Guid(7c8bae65453f905418404cf40c707f81) Importer(815301076,1909f56bfc062723c751e8b465ee728b)
Start importing Assets/guns/obj_mtl using Guid(7c8bae65453f905418404cf40c707f81) Importer(815301076,1909f56bfc062723c751e8b465ee728b)  -> (artifact id: '6ab876c4acd40ea16ec64c8f5c3f62d3') in 0.005432 seconds
  Import took 0.007045 seconds .

========================================================================
Received Import Request.
  Time since last request: 2748.142193 seconds.
  path: Assets/Assets
  artifactKey: Guid(d52975e0d90613442a8114cbdbb450fb) Importer(815301076,1909f56bfc062723c751e8b465ee728b)
Start importing Assets/Assets using Guid(d52975e0d90613442a8114cbdbb450fb) Importer(815301076,1909f56bfc062723c751e8b465ee728b)  -> (artifact id: '1bcef9eeafa64d457f159554bdf2fb99') in 0.006857 seconds
  Import took 0.009050 seconds .

========================================================================
Received Import Request.
  Time since last request: 6.547988 seconds.
  path: Assets/Assets/SM-0-Ground.obj
  artifactKey: Guid(d906b04ee6aeeda45b2cb292f24ae542) Importer(815301076,1909f56bfc062723c751e8b465ee728b)
Start importing Assets/Assets/SM-0-Ground.obj using Guid(d906b04ee6aeeda45b2cb292f24ae542) Importer(815301076,1909f56bfc062723c751e8b465ee728b)  -> (artifact id: '174ac5715a37037955ff7fcb6d1713e2') in 0.478217 seconds
  Import took 0.479758 seconds .

========================================================================
Received Import Request.
  Time since last request: 2.072802 seconds.
  path: Assets/Assets/SM-1-Tree.obj
  artifactKey: Guid(cd35a1cc29ce5c14f8b73291b103109a) Importer(815301076,1909f56bfc062723c751e8b465ee728b)
Start importing Assets/Assets/SM-1-Tree.obj using Guid(cd35a1cc29ce5c14f8b73291b103109a) Importer(815301076,1909f56bfc062723c751e8b465ee728b)  -> (artifact id: 'c8def91995134c7f6aaf1d52157c2dad') in 0.021068 seconds
  Import took 0.022644 seconds .

========================================================================
Received Import Request.
  Time since last request: 21.514140 seconds.
  path: Assets/Vox
  artifactKey: Guid(1e57e78d37cae9b46b3a049ddca06911) Importer(815301076,1909f56bfc062723c751e8b465ee728b)
Start importing Assets/Vox using Guid(1e57e78d37cae9b46b3a049ddca06911) Importer(815301076,1909f56bfc062723c751e8b465ee728b)  -> (artifact id: 'e8dff35abd436ab53a2e58f882aaf6bc') in 0.005712 seconds
  Import took 0.007292 seconds .

========================================================================
Received Import Request.
  Time since last request: 1.560893 seconds.
  path: Assets/Vox/VoxelGraveyard_DemoScene.vox
  artifactKey: Guid(a64c6e6f1bd10564d9888daec298fb3c) Importer(815301076,1909f56bfc062723c751e8b465ee728b)
Start importing Assets/Vox/VoxelGraveyard_DemoScene.vox using Guid(a64c6e6f1bd10564d9888daec298fb3c) Importer(815301076,1909f56bfc062723c751e8b465ee728b)  -> (artifact id: 'fe7b8ddf35480e41e0c295f024b7886c') in 0.009656 seconds
  Import took 0.011240 seconds .

========================================================================
Received Import Request.
  Time since last request: 9.638350 seconds.
  path: Assets/Scenes
  artifactKey: Guid(e47f458c06f971f498630f0c1a008795) Importer(815301076,1909f56bfc062723c751e8b465ee728b)
Start importing Assets/Scenes using Guid(e47f458c06f971f498630f0c1a008795) Importer(815301076,1909f56bfc062723c751e8b465ee728b)  -> (artifact id: '59933a28246ba935ae5c1528f24dfd7e') in 0.005614 seconds
  Import took 0.007124 seconds .

========================================================================
Received Import Request.
  Time since last request: 1.499470 seconds.
  path: Assets/Scenes/SampleScene.unity
  artifactKey: Guid(9fc0d4010bbf28b4594072e72b8655ab) Importer(815301076,1909f56bfc062723c751e8b465ee728b)
Start importing Assets/Scenes/SampleScene.unity using Guid(9fc0d4010bbf28b4594072e72b8655ab) Importer(815301076,1909f56bfc062723c751e8b465ee728b)  -> (artifact id: '9831e44e2a700a6e1119228b2d38e767') in 0.005813 seconds
  Import took 0.007576 seconds .

========================================================================
Received Import Request.
  Time since last request: 1.651306 seconds.
  path: Assets/Scenes/SampleScene.unity
  artifactKey: Guid(9fc0d4010bbf28b4594072e72b8655ab) Importer(815301076,1909f56bfc062723c751e8b465ee728b)
Start importing Assets/Scenes/SampleScene.unity using Guid(9fc0d4010bbf28b4594072e72b8655ab) Importer(815301076,1909f56bfc062723c751e8b465ee728b)  -> (artifact id: '7f5cfba07d47eb504d3dea731e2fda86') in 0.002094 seconds
  Import took 0.003617 seconds .

========================================================================
Received Import Request.
  Time since last request: 5.182718 seconds.
  path: Assets/Package
  artifactKey: Guid(38b930bd43d1868499f181cebd206101) Importer(815301076,1909f56bfc062723c751e8b465ee728b)
Start importing Assets/Package using Guid(38b930bd43d1868499f181cebd206101) Importer(815301076,1909f56bfc062723c751e8b465ee728b)  -> (artifact id: 'c285f4a834fe773cab4f167f0aaa3c1c') in 0.007495 seconds
  Import took 0.009198 seconds .

========================================================================
Received Import Request.
  Time since last request: 1.840603 seconds.
  path: Assets/Package/OBJ
  artifactKey: Guid(020db811efe0ca44c987f45065fb81a3) Importer(815301076,1909f56bfc062723c751e8b465ee728b)
Start importing Assets/Package/OBJ using Guid(020db811efe0ca44c987f45065fb81a3) Importer(815301076,1909f56bfc062723c751e8b465ee728b)  -> (artifact id: 'e211fa888a72b2bd936168db53e4b17d') in 0.006340 seconds
  Import took 0.007933 seconds .

========================================================================
Received Import Request.
  Time since last request: 1.248870 seconds.
  path: Assets/Package/OBJ/Zed_1.obj
  artifactKey: Guid(92890d3e66eb9424c90134ed0b80997e) Importer(815301076,1909f56bfc062723c751e8b465ee728b)
Start importing Assets/Package/OBJ/Zed_1.obj using Guid(92890d3e66eb9424c90134ed0b80997e) Importer(815301076,1909f56bfc062723c751e8b465ee728b)  -> (artifact id: '02eff5f12e36b7efc206ce82e42eaab4') in 0.019924 seconds
  Import took 0.021594 seconds .

========================================================================
Received Import Request.
  Time since last request: 1.727473 seconds.
  path: Assets/Package/OBJ/Zed_2.obj
  artifactKey: Guid(348524399db9b9c40910df58286948aa) Importer(815301076,1909f56bfc062723c751e8b465ee728b)
Start importing Assets/Package/OBJ/Zed_2.obj using Guid(348524399db9b9c40910df58286948aa) Importer(815301076,1909f56bfc062723c751e8b465ee728b)  -> (artifact id: '6cb65f5703e19e30ad66494d4839416f') in 0.019591 seconds
  Import took 0.021366 seconds .

========================================================================
Received Import Request.
  Time since last request: 1.530528 seconds.
  path: Assets/Package/OBJ/Zed_4.obj
  artifactKey: Guid(495ed1c16e7af2942b7e6d430ae731bd) Importer(815301076,1909f56bfc062723c751e8b465ee728b)
Start importing Assets/Package/OBJ/Zed_4.obj using Guid(495ed1c16e7af2942b7e6d430ae731bd) Importer(815301076,1909f56bfc062723c751e8b465ee728b)  -> (artifact id: 'a2da7493ee75c907c1f521fa6558faea') in 0.020633 seconds
  Import took 0.022256 seconds .

========================================================================
Received Import Request.
  Time since last request: 1.230184 seconds.
  path: Assets/Package/OBJ/Zed_5.obj
  artifactKey: Guid(b97a26042f340594489163a890a05875) Importer(815301076,1909f56bfc062723c751e8b465ee728b)
Start importing Assets/Package/OBJ/Zed_5.obj using Guid(b97a26042f340594489163a890a05875) Importer(815301076,1909f56bfc062723c751e8b465ee728b)  -> (artifact id: '8e62e7c9d322ff905d9d6e15648bf4d7') in 0.020758 seconds
  Import took 0.022321 seconds .

========================================================================
Received Import Request.
  Time since last request: 0.537878 seconds.
  path: Assets/Package/OBJ/Zed_5.mtl
  artifactKey: Guid(f79b109299910104caa7729aad9c4886) Importer(815301076,1909f56bfc062723c751e8b465ee728b)
Start importing Assets/Package/OBJ/Zed_5.mtl using Guid(f79b109299910104caa7729aad9c4886) Importer(815301076,1909f56bfc062723c751e8b465ee728b)  -> (artifact id: 'd574cf26d491925a26a4e4e5a7e5c6d0') in 0.003933 seconds
  Import took 0.005700 seconds .

========================================================================
Received Import Request.
  Time since last request: 2.305795 seconds.
  path: Assets/Package/OBJ/Zed_4.png
  artifactKey: Guid(e701d76bf51c2b045b242164ca30db66) Importer(815301076,1909f56bfc062723c751e8b465ee728b)
Start importing Assets/Package/OBJ/Zed_4.png using Guid(e701d76bf51c2b045b242164ca30db66) Importer(815301076,1909f56bfc062723c751e8b465ee728b)  -> (artifact id: '2e0898e04d42be8f0ef019aa70f8cc6c') in 0.023027 seconds
  Import took 0.024898 seconds .

========================================================================
Received Import Request.
  Time since last request: 0.021864 seconds.
  path: Assets/Package/OBJ/Zed_4.png
  artifactKey: Guid(e701d76bf51c2b045b242164ca30db66) Importer(815301076,1909f56bfc062723c751e8b465ee728b)
Start importing Assets/Package/OBJ/Zed_4.png using Guid(e701d76bf51c2b045b242164ca30db66) Importer(815301076,1909f56bfc062723c751e8b465ee728b)  -> (artifact id: '2e0898e04d42be8f0ef019aa70f8cc6c') in 0.004262 seconds
  Import took 0.005891 seconds .

========================================================================
Received Import Request.
  Time since last request: 8.896745 seconds.
  path: Assets/Package/OBJ/Zed_1.mtl
  artifactKey: Guid(1aa2d184db50cff488b67d6eb33efff6) Importer(815301076,1909f56bfc062723c751e8b465ee728b)
Start importing Assets/Package/OBJ/Zed_1.mtl using Guid(1aa2d184db50cff488b67d6eb33efff6) Importer(815301076,1909f56bfc062723c751e8b465ee728b)  -> (artifact id: '826100510171c3c2850e8955df6dceee') in 0.003008 seconds
  Import took 0.004994 seconds .

========================================================================
Received Import Request.
  Time since last request: 28.536010 seconds.
  path: Assets/Assets/SM-0-Ground.png
  artifactKey: Guid(716aa5a237245af4bbb1ed3cd78eb747) Importer(815301076,1909f56bfc062723c751e8b465ee728b)
Start importing Assets/Assets/SM-0-Ground.png using Guid(716aa5a237245af4bbb1ed3cd78eb747) Importer(815301076,1909f56bfc062723c751e8b465ee728b)  -> (artifact id: '794d07d257d06d461e836be19bb43dc6') in 0.007298 seconds
  Import took 0.008863 seconds .

========================================================================
Received Import Request.
  Time since last request: 8.580108 seconds.
  path: Assets/Assets/SM-0-Ground.png
  artifactKey: Guid(716aa5a237245af4bbb1ed3cd78eb747) Importer(815301076,1909f56bfc062723c751e8b465ee728b)
Start importing Assets/Assets/SM-0-Ground.png using Guid(716aa5a237245af4bbb1ed3cd78eb747) Importer(815301076,1909f56bfc062723c751e8b465ee728b)  -> (artifact id: '84b3a39770d692e466bcbdf572070ef0') in 0.026983 seconds
  Import took 0.028965 seconds .

========================================================================
Received Import Request.
  Time since last request: 9.118297 seconds.
  path: Assets/Assets/SM-1-Tree.png
  artifactKey: Guid(24b2fdb8b6d018948926f09320681f7d) Importer(815301076,1909f56bfc062723c751e8b465ee728b)
Start importing Assets/Assets/SM-1-Tree.png using Guid(24b2fdb8b6d018948926f09320681f7d) Importer(815301076,1909f56bfc062723c751e8b465ee728b)  -> (artifact id: '63e8618da29588e91ca02bf0f1f0c978') in 0.004274 seconds
  Import took 0.005809 seconds .

========================================================================
Received Import Request.
  Time since last request: 4.119503 seconds.
  path: Assets/Assets/SM-1-Tree.png
  artifactKey: Guid(24b2fdb8b6d018948926f09320681f7d) Importer(815301076,1909f56bfc062723c751e8b465ee728b)
Start importing Assets/Assets/SM-1-Tree.png using Guid(24b2fdb8b6d018948926f09320681f7d) Importer(815301076,1909f56bfc062723c751e8b465ee728b)  -> (artifact id: 'a1b131153028ad347aa9c431dd4efefe') in 0.007254 seconds
  Import took 0.009119 seconds .

========================================================================
Received Import Request.
  Time since last request: 0.004039 seconds.
  path: Assets/Assets/SM-1-Tree.png
  artifactKey: Guid(24b2fdb8b6d018948926f09320681f7d) Importer(815301076,1909f56bfc062723c751e8b465ee728b)
Start importing Assets/Assets/SM-1-Tree.png using Guid(24b2fdb8b6d018948926f09320681f7d) Importer(815301076,1909f56bfc062723c751e8b465ee728b)  -> (artifact id: 'a1b131153028ad347aa9c431dd4efefe') in 0.008168 seconds
  Import took 0.009917 seconds .

========================================================================
Received Import Request.
  Time since last request: 53.501140 seconds.
  path: Assets
  artifactKey: Guid(00000000000000001000000000000000) Importer(815301076,1909f56bfc062723c751e8b465ee728b)
Start importing Assets using Guid(00000000000000001000000000000000) Importer(815301076,1909f56bfc062723c751e8b465ee728b)  -> (artifact id: '4a6e520b92ccfc61bcfa21a7bcab8468') in 0.001808 seconds
  Import took 0.008088 seconds .

========================================================================
Received Import Request.
  Time since last request: 22.652555 seconds.
  path: Assets/Assets/Materials
  artifactKey: Guid(3ddc72909b44e4d47a8b6b3a3b8cb408) Importer(815301076,1909f56bfc062723c751e8b465ee728b)
Start importing Assets/Assets/Materials using Guid(3ddc72909b44e4d47a8b6b3a3b8cb408) Importer(815301076,1909f56bfc062723c751e8b465ee728b)  -> (artifact id: '89df9af090c6659959073b0d0e85a470') in 0.011222 seconds
  Import took 0.012830 seconds .

========================================================================
Received Import Request.
  Time since last request: 91.475940 seconds.
  path: Assets/SM-1-Tree.obj
  artifactKey: Guid(a87728a0f292aab44af204f2cd2c776d) Importer(815301076,1909f56bfc062723c751e8b465ee728b)
Start importing Assets/SM-1-Tree.obj using Guid(a87728a0f292aab44af204f2cd2c776d) Importer(815301076,1909f56bfc062723c751e8b465ee728b)  -> (artifact id: 'c2dfb14efd0104dacd4f3bc2b7b1ca4b') in 0.022126 seconds
  Import took 0.023769 seconds .

========================================================================
Received Import Request.
  Time since last request: 23.426369 seconds.
  path: Assets/Package/OBJ/Zed_6.obj
  artifactKey: Guid(23b509505c297414597b69ca63edb6a6) Importer(815301076,1909f56bfc062723c751e8b465ee728b)
Start importing Assets/Package/OBJ/Zed_6.obj using Guid(23b509505c297414597b69ca63edb6a6) Importer(815301076,1909f56bfc062723c751e8b465ee728b)  -> (artifact id: '06ebe2bfc39ff40f12fbc17436f62777') in 0.018898 seconds
  Import took 0.020479 seconds .

========================================================================
Received Import Request.
  Time since last request: 0.000262 seconds.
  path: Assets/Assets/SM-1-Tree.obj
  artifactKey: Guid(cd35a1cc29ce5c14f8b73291b103109a) Importer(815301076,1909f56bfc062723c751e8b465ee728b)
Start importing Assets/Assets/SM-1-Tree.obj using Guid(cd35a1cc29ce5c14f8b73291b103109a) Importer(815301076,1909f56bfc062723c751e8b465ee728b)  -> (artifact id: 'ffe23ed8a77965a0b7ac686dac1c66bf') in 0.019603 seconds
  Import took 0.021112 seconds .

========================================================================
Received Import Request.
  Time since last request: 0.000229 seconds.
  path: Assets/Assets/SM-7-Fence.obj
  artifactKey: Guid(0be0b51e52c9f2242a9b336e85b585bd) Importer(815301076,1909f56bfc062723c751e8b465ee728b)
Start importing Assets/Assets/SM-7-Fence.obj using Guid(0be0b51e52c9f2242a9b336e85b585bd) Importer(815301076,1909f56bfc062723c751e8b465ee728b)  -> (artifact id: '14a9141e14b3ea25878a911a6c4d8954') in 0.019849 seconds
  Import took 0.021532 seconds .

========================================================================
Received Import Request.
  Time since last request: 0.000243 seconds.
  path: Assets/Assets/SM-6-Raven.obj
  artifactKey: Guid(673fcfeb66521d34786d9cbc3ec54cfb) Importer(815301076,1909f56bfc062723c751e8b465ee728b)
Start importing Assets/Assets/SM-6-Raven.obj using Guid(673fcfeb66521d34786d9cbc3ec54cfb) Importer(815301076,1909f56bfc062723c751e8b465ee728b)  -> (artifact id: '10b5e40acd31f51ae9e326d6387259a6') in 0.019404 seconds
  Import took 0.021169 seconds .

========================================================================
Received Import Request.
  Time since last request: 0.000163 seconds.
  path: Assets/Assets/SM-5-Tomb3.obj
  artifactKey: Guid(c339ddce60cc4b84b8b45137fc2df490) Importer(815301076,1909f56bfc062723c751e8b465ee728b)
Start importing Assets/Assets/SM-5-Tomb3.obj using Guid(c339ddce60cc4b84b8b45137fc2df490) Importer(815301076,1909f56bfc062723c751e8b465ee728b)  -> (artifact id: 'ff65864df4d6025386f4a20a2873269e') in 0.020064 seconds
  Import took 0.021767 seconds .

========================================================================
Received Import Request.
  Time since last request: 0.000230 seconds.
  path: Assets/Package/OBJ/Zed_6.obj
  artifactKey: Guid(23b509505c297414597b69ca63edb6a6) Importer(815301076,1909f56bfc062723c751e8b465ee728b)
Start importing Assets/Package/OBJ/Zed_6.obj using Guid(23b509505c297414597b69ca63edb6a6) Importer(815301076,1909f56bfc062723c751e8b465ee728b)  -> (artifact id: '06ebe2bfc39ff40f12fbc17436f62777') in 0.017559 seconds
  Import took 0.019069 seconds .

========================================================================
Received Import Request.
  Time since last request: 0.000234 seconds.
  path: Assets/Assets/SM-10-Spade.obj
  artifactKey: Guid(9a63694d37453ab4fa1a770f475fec12) Importer(815301076,1909f56bfc062723c751e8b465ee728b)
Start importing Assets/Assets/SM-10-Spade.obj using Guid(9a63694d37453ab4fa1a770f475fec12) Importer(815301076,1909f56bfc062723c751e8b465ee728b)  -> (artifact id: '4b85516f261af65a9a88dfbceb51d6cd') in 0.018867 seconds
  Import took 0.020367 seconds .

========================================================================
Received Import Request.
  Time since last request: 0.000188 seconds.
  path: Assets/Assets/SM-2-Ghost.obj
  artifactKey: Guid(c99dc6daed69ba84e89da874e7589fcb) Importer(815301076,1909f56bfc062723c751e8b465ee728b)
Start importing Assets/Assets/SM-2-Ghost.obj using Guid(c99dc6daed69ba84e89da874e7589fcb) Importer(815301076,1909f56bfc062723c751e8b465ee728b)  -> (artifact id: '95bab69e7dc82bb7bd475b6f7345f26a') in 0.021078 seconds
  Import took 0.022551 seconds .

========================================================================
Received Import Request.
  Time since last request: 0.000188 seconds.
  path: Assets/Assets/SM-3-Tomb1.obj
  artifactKey: Guid(47eecc0dad17ef44fbec47145478ded1) Importer(815301076,1909f56bfc062723c751e8b465ee728b)
Start importing Assets/Assets/SM-3-Tomb1.obj using Guid(47eecc0dad17ef44fbec47145478ded1) Importer(815301076,1909f56bfc062723c751e8b465ee728b)  -> (artifact id: '5ccc4530216f1ee1feaba22bee45a8c9') in 0.019268 seconds
  Import took 0.020713 seconds .

========================================================================
Received Import Request.
  Time since last request: 0.000226 seconds.
  path: Assets/Assets/SM-4-Tomb2.obj
  artifactKey: Guid(419b5bbb65996234d9a512d2696e7d44) Importer(815301076,1909f56bfc062723c751e8b465ee728b)
Start importing Assets/Assets/SM-4-Tomb2.obj using Guid(419b5bbb65996234d9a512d2696e7d44) Importer(815301076,1909f56bfc062723c751e8b465ee728b)  -> (artifact id: '34db50ded9dc5e2b162cb3feba8eccb9') in 0.018017 seconds
  Import took 0.019706 seconds .

========================================================================
Received Import Request.
  Time since last request: 0.000184 seconds.
  path: Assets/Assets/SM-3-Tomb1.obj
  artifactKey: Guid(47eecc0dad17ef44fbec47145478ded1) Importer(815301076,1909f56bfc062723c751e8b465ee728b)
Start importing Assets/Assets/SM-3-Tomb1.obj using Guid(47eecc0dad17ef44fbec47145478ded1) Importer(815301076,1909f56bfc062723c751e8b465ee728b)  -> (artifact id: '5ccc4530216f1ee1feaba22bee45a8c9') in 0.017757 seconds
  Import took 0.019382 seconds .

========================================================================
Received Import Request.
  Time since last request: 0.000211 seconds.
  path: Assets/Assets/SM-4-Tomb2.obj
  artifactKey: Guid(419b5bbb65996234d9a512d2696e7d44) Importer(815301076,1909f56bfc062723c751e8b465ee728b)
Start importing Assets/Assets/SM-4-Tomb2.obj using Guid(419b5bbb65996234d9a512d2696e7d44) Importer(815301076,1909f56bfc062723c751e8b465ee728b)  -> (artifact id: '34db50ded9dc5e2b162cb3feba8eccb9') in 0.018194 seconds
  Import took 0.019691 seconds .

========================================================================
Received Import Request.
  Time since last request: 45.367671 seconds.
  path: Assets/guns/preview/9mm.png
  artifactKey: Guid(ad3f2b9fa67a4f94f93f50a7bd81c7ce) Importer(815301076,1909f56bfc062723c751e8b465ee728b)
Start importing Assets/guns/preview/9mm.png using Guid(ad3f2b9fa67a4f94f93f50a7bd81c7ce) Importer(815301076,1909f56bfc062723c751e8b465ee728b)  -> (artifact id: '0bf9db3b0ac92962f83e32593a287646') in 0.009220 seconds
  Import took 0.010996 seconds .

========================================================================
Received Import Request.
  Time since last request: 0.000176 seconds.
  path: Assets/2D Gore UI/Backbone.png
  artifactKey: Guid(9931ce8fbc860fb4ea08407e704c48d6) Importer(815301076,1909f56bfc062723c751e8b465ee728b)
Start importing Assets/2D Gore UI/Backbone.png using Guid(9931ce8fbc860fb4ea08407e704c48d6) Importer(815301076,1909f56bfc062723c751e8b465ee728b)  -> (artifact id: '4b2dd9a76cf8ffe0c3af302a2b1a9659') in 0.013898 seconds
  Import took 0.015303 seconds .

========================================================================
Received Import Request.
  Time since last request: 0.000217 seconds.
  path: Assets/2D Gore UI/Button_Backbone.png
  artifactKey: Guid(f0e626f2e6911a24e8820caa43008d9c) Importer(815301076,1909f56bfc062723c751e8b465ee728b)
Start importing Assets/2D Gore UI/Button_Backbone.png using Guid(f0e626f2e6911a24e8820caa43008d9c) Importer(815301076,1909f56bfc062723c751e8b465ee728b)  -> (artifact id: 'c294abcb3e5d57edf48ae33c333b7dde') in 0.008528 seconds
  Import took 0.009969 seconds .

========================================================================
Received Import Request.
  Time since last request: 0.000249 seconds.
  path: Assets/guns/preview/9mm.png
  artifactKey: Guid(ad3f2b9fa67a4f94f93f50a7bd81c7ce) Importer(815301076,1909f56bfc062723c751e8b465ee728b)
Start importing Assets/guns/preview/9mm.png using Guid(ad3f2b9fa67a4f94f93f50a7bd81c7ce) Importer(815301076,1909f56bfc062723c751e8b465ee728b)  -> (artifact id: '0bf9db3b0ac92962f83e32593a287646') in 0.004968 seconds
  Import took 0.006433 seconds .

========================================================================
Received Import Request.
  Time since last request: 0.000248 seconds.
  path: Assets/2D Gore UI/Button_Flesh_Pressed.png
  artifactKey: Guid(8d724069aea572a499bc0f7058e0d6eb) Importer(815301076,1909f56bfc062723c751e8b465ee728b)
Start importing Assets/2D Gore UI/Button_Flesh_Pressed.png using Guid(8d724069aea572a499bc0f7058e0d6eb) Importer(815301076,1909f56bfc062723c751e8b465ee728b)  -> (artifact id: 'da8abe7b813a0bff94eb049375bcbd81') in 0.009486 seconds
  Import took 0.010972 seconds .

========================================================================
Received Import Request.
  Time since last request: 0.000180 seconds.
  path: Assets/2D Gore UI/Button_Backbone_Pressef.png
  artifactKey: Guid(87c91f4a0ced3ba4899056a320f5ea59) Importer(815301076,1909f56bfc062723c751e8b465ee728b)
Start importing Assets/2D Gore UI/Button_Backbone_Pressef.png using Guid(87c91f4a0ced3ba4899056a320f5ea59) Importer(815301076,1909f56bfc062723c751e8b465ee728b)  -> (artifact id: 'cae87b61c7a89435a26892838b014966') in 0.008229 seconds
  Import took 0.009670 seconds .

========================================================================
Received Import Request.
  Time since last request: 0.000218 seconds.
  path: Assets/2D Gore UI/Button_Flesh.png
  artifactKey: Guid(017350a8886014f45b5f6f7cb34494b8) Importer(815301076,1909f56bfc062723c751e8b465ee728b)
Start importing Assets/2D Gore UI/Button_Flesh.png using Guid(017350a8886014f45b5f6f7cb34494b8) Importer(815301076,1909f56bfc062723c751e8b465ee728b)  -> (artifact id: '2e246695a9cbbf58df736e5ce92fec89') in 0.008359 seconds
  Import took 0.010012 seconds .

========================================================================
Received Import Request.
  Time since last request: 0.000193 seconds.
  path: Assets/guns/preview/bullet_shotgun.png
  artifactKey: Guid(7892944261b8c7c4599aa06f7e94a02e) Importer(815301076,1909f56bfc062723c751e8b465ee728b)
Start importing Assets/guns/preview/bullet_shotgun.png using Guid(7892944261b8c7c4599aa06f7e94a02e) Importer(815301076,1909f56bfc062723c751e8b465ee728b)  -> (artifact id: '6b328ad50420187da01325ae671a6678') in 0.008209 seconds
  Import took 0.009660 seconds .

========================================================================
Received Import Request.
  Time since last request: 0.000185 seconds.
  path: Assets/guns/preview/bullet-sniper.png
  artifactKey: Guid(e33f884db69bd8a47a68b87562e1a898) Importer(815301076,1909f56bfc062723c751e8b465ee728b)
Start importing Assets/guns/preview/bullet-sniper.png using Guid(e33f884db69bd8a47a68b87562e1a898) Importer(815301076,1909f56bfc062723c751e8b465ee728b)  -> (artifact id: '9c7830f6237f1bd7c98d3d88a0583467') in 0.008962 seconds
  Import took 0.010614 seconds .

========================================================================
Received Import Request.
  Time since last request: 0.002979 seconds.
  path: Assets/guns/preview/bullet_shotgun.png
  artifactKey: Guid(7892944261b8c7c4599aa06f7e94a02e) Importer(815301076,1909f56bfc062723c751e8b465ee728b)
Start importing Assets/guns/preview/bullet_shotgun.png using Guid(7892944261b8c7c4599aa06f7e94a02e) Importer(815301076,1909f56bfc062723c751e8b465ee728b)  -> (artifact id: '6b328ad50420187da01325ae671a6678') in 0.004459 seconds
  Import took 0.006351 seconds .

========================================================================
Received Import Request.
  Time since last request: 0.864512 seconds.
  path: Assets/2D Gore UI/Button_Zombie.png
  artifactKey: Guid(cf450d3582f22c149b654e1f85e63c33) Importer(815301076,1909f56bfc062723c751e8b465ee728b)
Start importing Assets/2D Gore UI/Button_Zombie.png using Guid(cf450d3582f22c149b654e1f85e63c33) Importer(815301076,1909f56bfc062723c751e8b465ee728b)  -> (artifact id: '8266bee8cce8a78c15fe59f5ab77b2e8') in 0.011279 seconds
  Import took 0.013454 seconds .

========================================================================
Received Import Request.
  Time since last request: 0.000290 seconds.
  path: Assets/2D Gore UI/Button_Zombie_Pressed.png
  artifactKey: Guid(52e9a6bf55b5e944caf945d089221ec0) Importer(815301076,1909f56bfc062723c751e8b465ee728b)
Start importing Assets/2D Gore UI/Button_Zombie_Pressed.png using Guid(52e9a6bf55b5e944caf945d089221ec0) Importer(815301076,1909f56bfc062723c751e8b465ee728b)  -> (artifact id: 'c2f4e7a0ff7f82a137f08c0219bf63af') in 0.009374 seconds
  Import took 0.010953 seconds .

========================================================================
Received Import Request.
  Time since last request: 0.399471 seconds.
  path: Assets/2D Gore UI/Gauge_Flesh_Thick_Full.png
  artifactKey: Guid(4dba416b8a989d043bdce8c00b01ffba) Importer(815301076,1909f56bfc062723c751e8b465ee728b)
Start importing Assets/2D Gore UI/Gauge_Flesh_Thick_Full.png using Guid(4dba416b8a989d043bdce8c00b01ffba) Importer(815301076,1909f56bfc062723c751e8b465ee728b)  -> (artifact id: '1d7008e54b381e4132bdcedb475bed4f') in 0.017055 seconds
  Import took 0.019969 seconds .

========================================================================
Received Import Request.
  Time since last request: 0.000327 seconds.
  path: Assets/2D Gore UI/Gauge_Flesh_Thin_Full.png
  artifactKey: Guid(948a949d1e5fda84ebe342e4edef4ac5) Importer(815301076,1909f56bfc062723c751e8b465ee728b)
Start importing Assets/2D Gore UI/Gauge_Flesh_Thin_Full.png using Guid(948a949d1e5fda84ebe342e4edef4ac5) Importer(815301076,1909f56bfc062723c751e8b465ee728b)  -> (artifact id: 'ac2d93cb764e592cfe629b7477da3b95') in 0.010938 seconds
  Import took 0.012659 seconds .

========================================================================
Received Import Request.
  Time since last request: 0.273952 seconds.
  path: Assets/2D Gore UI/Gauge_FleshRottent_Full.png
  artifactKey: Guid(c190edfd3be8e7a4e8350d38be39220d) Importer(815301076,1909f56bfc062723c751e8b465ee728b)
Start importing Assets/2D Gore UI/Gauge_FleshRottent_Full.png using Guid(c190edfd3be8e7a4e8350d38be39220d) Importer(815301076,1909f56bfc062723c751e8b465ee728b)  -> (artifact id: 'be633a53b287d07cc5f83e54c6f931a5') in 0.015735 seconds
  Import took 0.018668 seconds .

========================================================================
Received Import Request.
  Time since last request: 0.000243 seconds.
  path: Assets/2D Gore UI/Gauge_Gore01_Empty.png
  artifactKey: Guid(9aed085e23bf30a48907dfb73da4377d) Importer(815301076,1909f56bfc062723c751e8b465ee728b)
Start importing Assets/2D Gore UI/Gauge_Gore01_Empty.png using Guid(9aed085e23bf30a48907dfb73da4377d) Importer(815301076,1909f56bfc062723c751e8b465ee728b)  -> (artifact id: '4054c831ca95aec213fd2ee232b826ca') in 0.008767 seconds
  Import took 0.010692 seconds .

========================================================================
Received Import Request.
  Time since last request: 0.054107 seconds.
  path: Assets/2D Gore UI/Gauge_Gore02_Empty.png
  artifactKey: Guid(fe3fbb78a933a89439b06a012ced87b8) Importer(815301076,1909f56bfc062723c751e8b465ee728b)
Start importing Assets/2D Gore UI/Gauge_Gore02_Empty.png using Guid(fe3fbb78a933a89439b06a012ced87b8) Importer(815301076,1909f56bfc062723c751e8b465ee728b)  -> (artifact id: '39adac4e4a853d2628ff205b78680a5c') in 0.008652 seconds
  Import took 0.010353 seconds .

========================================================================
Received Import Request.
  Time since last request: 0.000227 seconds.
  path: Assets/2D Gore UI/Gauge_Gore_Thin_Empty.png
  artifactKey: Guid(3d32356369ceecd42aa20b7d8eb40f04) Importer(815301076,1909f56bfc062723c751e8b465ee728b)
Start importing Assets/2D Gore UI/Gauge_Gore_Thin_Empty.png using Guid(3d32356369ceecd42aa20b7d8eb40f04) Importer(815301076,1909f56bfc062723c751e8b465ee728b)  -> (artifact id: 'c4b3be35a4217e116efc18561a07b754') in 0.007678 seconds
  Import took 0.009086 seconds .

========================================================================
Received Import Request.
  Time since last request: 0.000239 seconds.
  path: Assets/2D Gore UI/Gauge_Gore03_Empty.png
  artifactKey: Guid(fd699081f97e0474597db419dd4127c6) Importer(815301076,1909f56bfc062723c751e8b465ee728b)
Start importing Assets/2D Gore UI/Gauge_Gore03_Empty.png using Guid(fd699081f97e0474597db419dd4127c6) Importer(815301076,1909f56bfc062723c751e8b465ee728b)  -> (artifact id: 'cac034e356972df7ae8411d862d478b0') in 0.007938 seconds
  Import took 0.009440 seconds .

========================================================================
Received Import Request.
  Time since last request: 0.000189 seconds.
  path: Assets/2D Gore UI/Gauge_Gore_Thick_Empty.png
  artifactKey: Guid(0f3f8d228251210408b6ede7388e5efa) Importer(815301076,1909f56bfc062723c751e8b465ee728b)
Start importing Assets/2D Gore UI/Gauge_Gore_Thick_Empty.png using Guid(0f3f8d228251210408b6ede7388e5efa) Importer(815301076,1909f56bfc062723c751e8b465ee728b)  -> (artifact id: 'b9b39056792fc1c48899ef33f167f735') in 0.009113 seconds
  Import took 0.010573 seconds .

========================================================================
Received Import Request.
  Time since last request: 0.175468 seconds.
  path: Assets/2D Gore UI/Gauge_Stomach_Empty.png
  artifactKey: Guid(cf92becf4628de64d8d5e7c08ebf2448) Importer(815301076,1909f56bfc062723c751e8b465ee728b)
Start importing Assets/2D Gore UI/Gauge_Stomach_Empty.png using Guid(cf92becf4628de64d8d5e7c08ebf2448) Importer(815301076,1909f56bfc062723c751e8b465ee728b)  -> (artifact id: '8f2597d6ae89a94bc9726be3776fb031') in 0.011628 seconds
  Import took 0.013622 seconds .

========================================================================
Received Import Request.
  Time since last request: 0.000228 seconds.
  path: Assets/2D Gore UI/Gauge_Stomach_Full.png
  artifactKey: Guid(1910bf80f4b353a4fb13e8827c085ac3) Importer(815301076,1909f56bfc062723c751e8b465ee728b)
Start importing Assets/2D Gore UI/Gauge_Stomach_Full.png using Guid(1910bf80f4b353a4fb13e8827c085ac3) Importer(815301076,1909f56bfc062723c751e8b465ee728b)  -> (artifact id: '78c4823b1027485165198f163705dd0f') in 0.009901 seconds
  Import took 0.011698 seconds .

========================================================================
Received Import Request.
  Time since last request: 0.000194 seconds.
  path: Assets/2D Gore UI/Gauge_ZombieSkin_Thick_Full.png
  artifactKey: Guid(6d33764a08d3e954eb0c6b3ee6e213ee) Importer(815301076,1909f56bfc062723c751e8b465ee728b)
Start importing Assets/2D Gore UI/Gauge_ZombieSkin_Thick_Full.png using Guid(6d33764a08d3e954eb0c6b3ee6e213ee) Importer(815301076,1909f56bfc062723c751e8b465ee728b)  -> (artifact id: '5e88d2f0b22969d320b53eb4a534efc3') in 0.008289 seconds
  Import took 0.009825 seconds .

========================================================================
Received Import Request.
  Time since last request: 0.000181 seconds.
  path: Assets/2D Gore UI/Gauge_ZombieSkin_Thick_Half.png
  artifactKey: Guid(6689f2e0d11991b40a37e97c24c8578b) Importer(815301076,1909f56bfc062723c751e8b465ee728b)
Start importing Assets/2D Gore UI/Gauge_ZombieSkin_Thick_Half.png using Guid(6689f2e0d11991b40a37e97c24c8578b) Importer(815301076,1909f56bfc062723c751e8b465ee728b)  -> (artifact id: '968269b73bf5116909cbde94fa4033a6') in 0.008240 seconds
  Import took 0.009785 seconds .

========================================================================
Received Import Request.
  Time since last request: 0.010144 seconds.
  path: Assets/2D Gore UI/Gauge_ZombieSkin_Thick_Half.png
  artifactKey: Guid(6689f2e0d11991b40a37e97c24c8578b) Importer(815301076,1909f56bfc062723c751e8b465ee728b)
Start importing Assets/2D Gore UI/Gauge_ZombieSkin_Thick_Half.png using Guid(6689f2e0d11991b40a37e97c24c8578b) Importer(815301076,1909f56bfc062723c751e8b465ee728b)  -> (artifact id: '968269b73bf5116909cbde94fa4033a6') in 0.004562 seconds
  Import took 0.006217 seconds .

========================================================================
Received Import Request.
  Time since last request: 0.029225 seconds.
  path: Assets/2D Gore UI/Gauge_ZombieSkin_Thin_Full.png
  artifactKey: Guid(39b440ebc50e9de45b26fd1a22faee12) Importer(815301076,1909f56bfc062723c751e8b465ee728b)
Start importing Assets/2D Gore UI/Gauge_ZombieSkin_Thin_Full.png using Guid(39b440ebc50e9de45b26fd1a22faee12) Importer(815301076,1909f56bfc062723c751e8b465ee728b)  -> (artifact id: '7724854ac83771dd70baeef2bb068a0a') in 0.008595 seconds
  Import took 0.010415 seconds .

========================================================================
Received Import Request.
  Time since last request: 0.000219 seconds.
  path: Assets/2D Gore UI/Gauge_ZombieSkin_Thin_Half.png
  artifactKey: Guid(f94b19c7ff423ad429a83cdf3fb69f49) Importer(815301076,1909f56bfc062723c751e8b465ee728b)
Start importing Assets/2D Gore UI/Gauge_ZombieSkin_Thin_Half.png using Guid(f94b19c7ff423ad429a83cdf3fb69f49) Importer(815301076,1909f56bfc062723c751e8b465ee728b)  -> (artifact id: '78b551d52b82f40179fc58cc934fe420') in 0.008219 seconds
  Import took 0.009838 seconds .

========================================================================
Received Import Request.
  Time since last request: 0.011883 seconds.
  path: Assets/2D Gore UI/Gauge_ZombieSkin_Thin_Half.png
  artifactKey: Guid(f94b19c7ff423ad429a83cdf3fb69f49) Importer(815301076,1909f56bfc062723c751e8b465ee728b)
Start importing Assets/2D Gore UI/Gauge_ZombieSkin_Thin_Half.png using Guid(f94b19c7ff423ad429a83cdf3fb69f49) Importer(815301076,1909f56bfc062723c751e8b465ee728b)  -> (artifact id: '78b551d52b82f40179fc58cc934fe420') in 0.004991 seconds
  Import took 0.006867 seconds .

========================================================================
Received Import Request.
  Time since last request: 0.149390 seconds.
  path: Assets/2D Gore UI/Gauge_ZombieSkinRotten_Thick_Full.png
  artifactKey: Guid(c0c38b82f41455f4a858a5785343a332) Importer(815301076,1909f56bfc062723c751e8b465ee728b)
Start importing Assets/2D Gore UI/Gauge_ZombieSkinRotten_Thick_Full.png using Guid(c0c38b82f41455f4a858a5785343a332) Importer(815301076,1909f56bfc062723c751e8b465ee728b)  -> (artifact id: '98589703e8bd1c93bd9e8deeaaa127d5') in 0.011934 seconds
  Import took 0.014336 seconds .

========================================================================
Received Import Request.
  Time since last request: 0.000249 seconds.
  path: Assets/2D Gore UI/Gauge_ZombieSkinRottent_Thin_Full.png
  artifactKey: Guid(a695a34e39f8d6d49af7b5a973a154c8) Importer(815301076,1909f56bfc062723c751e8b465ee728b)
Start importing Assets/2D Gore UI/Gauge_ZombieSkinRottent_Thin_Full.png using Guid(a695a34e39f8d6d49af7b5a973a154c8) Importer(815301076,1909f56bfc062723c751e8b465ee728b)  -> (artifact id: 'db6180f432913e41f498023fdb5ef40c') in 0.009612 seconds
  Import took 0.011502 seconds .

========================================================================
Received Import Request.
  Time since last request: 0.000227 seconds.
  path: Assets/guns/preview/mp5.png
  artifactKey: Guid(861d382ac8d3a274f91022c877d68df9) Importer(815301076,1909f56bfc062723c751e8b465ee728b)
Start importing Assets/guns/preview/mp5.png using Guid(861d382ac8d3a274f91022c877d68df9) Importer(815301076,1909f56bfc062723c751e8b465ee728b)  -> (artifact id: 'c07c2d0e52f3df7c1313f330d38879ba') in 0.009419 seconds
  Import took 0.011243 seconds .

========================================================================
Received Import Request.
  Time since last request: 0.000166 seconds.
  path: Assets/guns/preview/mp5_mag.png
  artifactKey: Guid(b738cc8a5e9acb140a48369684c63cf1) Importer(815301076,1909f56bfc062723c751e8b465ee728b)
Start importing Assets/guns/preview/mp5_mag.png using Guid(b738cc8a5e9acb140a48369684c63cf1) Importer(815301076,1909f56bfc062723c751e8b465ee728b)  -> (artifact id: '6a875ec32c259fa58faab723c5d6e290') in 0.008017 seconds
  Import took 0.009779 seconds .

========================================================================
Received Import Request.
  Time since last request: 0.000195 seconds.
  path: Assets/2D Gore UI/Gauge_ZombieSkinRotten_Thick_Full.png
  artifactKey: Guid(c0c38b82f41455f4a858a5785343a332) Importer(815301076,1909f56bfc062723c751e8b465ee728b)
Start importing Assets/2D Gore UI/Gauge_ZombieSkinRotten_Thick_Full.png using Guid(c0c38b82f41455f4a858a5785343a332) Importer(815301076,1909f56bfc062723c751e8b465ee728b)  -> (artifact id: '98589703e8bd1c93bd9e8deeaaa127d5') in 0.004367 seconds
  Import took 0.006003 seconds .

========================================================================
Received Import Request.
  Time since last request: 0.001289 seconds.
  path: Assets/2D Gore UI/Gauge_ZombieSkinRottent_Thin_Full.png
  artifactKey: Guid(a695a34e39f8d6d49af7b5a973a154c8) Importer(815301076,1909f56bfc062723c751e8b465ee728b)
Start importing Assets/2D Gore UI/Gauge_ZombieSkinRottent_Thin_Full.png using Guid(a695a34e39f8d6d49af7b5a973a154c8) Importer(815301076,1909f56bfc062723c751e8b465ee728b)  -> (artifact id: 'db6180f432913e41f498023fdb5ef40c') in 0.004225 seconds
  Import took 0.005936 seconds .

========================================================================
Received Import Request.
  Time since last request: 0.029079 seconds.
  path: Assets/guns/preview/mp5x.png
  artifactKey: Guid(4354c630b082c0c4095ca559c7d45dec) Importer(815301076,1909f56bfc062723c751e8b465ee728b)
Start importing Assets/guns/preview/mp5x.png using Guid(4354c630b082c0c4095ca559c7d45dec) Importer(815301076,1909f56bfc062723c751e8b465ee728b)  -> (artifact id: 'dd7d2f98e8d2fec2896157576dee318d') in 0.007835 seconds
  Import took 0.009423 seconds .

========================================================================
Received Import Request.
  Time since last request: 0.000244 seconds.
  path: Assets/guns/preview/mp5x_mag.png
  artifactKey: Guid(c469c539fa44bcc4a80f9ce738de6bc9) Importer(815301076,1909f56bfc062723c751e8b465ee728b)
Start importing Assets/guns/preview/mp5x_mag.png using Guid(c469c539fa44bcc4a80f9ce738de6bc9) Importer(815301076,1909f56bfc062723c751e8b465ee728b)  -> (artifact id: '7904280c67bc9a504f2facdf3131cd09') in 0.008451 seconds
  Import took 0.010173 seconds .

========================================================================
Received Import Request.
  Time since last request: 0.174017 seconds.
  path: Assets/guns/preview/pistol.png
  artifactKey: Guid(5b24f8849938ea14faa086435706e417) Importer(815301076,1909f56bfc062723c751e8b465ee728b)
Start importing Assets/guns/preview/pistol.png using Guid(5b24f8849938ea14faa086435706e417) Importer(815301076,1909f56bfc062723c751e8b465ee728b)  -> (artifact id: 'c59bd52df73ac33c1fdf25738f407bcc') in 0.008824 seconds
  Import took 0.011220 seconds .

========================================================================
Received Import Request.
  Time since last request: 0.000253 seconds.
  path: Assets/guns/preview.png
  artifactKey: Guid(7cc78c0f3f678f847b97f626b5764d29) Importer(815301076,1909f56bfc062723c751e8b465ee728b)
Start importing Assets/guns/preview.png using Guid(7cc78c0f3f678f847b97f626b5764d29) Importer(815301076,1909f56bfc062723c751e8b465ee728b)  -> (artifact id: 'b6e36a23b1e5e14cfaa8ce7752a6a0a0') in 0.010613 seconds
  Import took 0.012126 seconds .

========================================================================
Received Import Request.
  Time since last request: 0.000216 seconds.
  path: Assets/guns/preview/pistol_reload.png
  artifactKey: Guid(8d98c68d8c3d9ac4eaff0e479ad29315) Importer(815301076,1909f56bfc062723c751e8b465ee728b)
Start importing Assets/guns/preview/pistol_reload.png using Guid(8d98c68d8c3d9ac4eaff0e479ad29315) Importer(815301076,1909f56bfc062723c751e8b465ee728b)  -> (artifact id: 'b5d1d3a8b19382b9ba602a775a995158') in 0.008669 seconds
  Import took 0.010780 seconds .

========================================================================
Received Import Request.
  Time since last request: 0.000172 seconds.
  path: Assets/guns/preview/pistol_mag.png
  artifactKey: Guid(ded4fd6bcfb7f2a40882d4eb024ecb04) Importer(815301076,1909f56bfc062723c751e8b465ee728b)
Start importing Assets/guns/preview/pistol_mag.png using Guid(ded4fd6bcfb7f2a40882d4eb024ecb04) Importer(815301076,1909f56bfc062723c751e8b465ee728b)  -> (artifact id: '9b34ccffec57d7ea5ce23c0d4abd1047') in 0.008288 seconds
  Import took 0.009995 seconds .

========================================================================
Received Import Request.
  Time since last request: 0.036016 seconds.
  path: Assets/guns/preview/revolver.png
  artifactKey: Guid(a41a8378464bdfc448139f8fbf03ce5e) Importer(815301076,1909f56bfc062723c751e8b465ee728b)
Start importing Assets/guns/preview/revolver.png using Guid(a41a8378464bdfc448139f8fbf03ce5e) Importer(815301076,1909f56bfc062723c751e8b465ee728b)  -> (artifact id: '45d6384c57eb0220b60f20ffc2c7f9bf') in 0.009189 seconds
  Import took 0.010849 seconds .

========================================================================
Received Import Request.
  Time since last request: 0.000215 seconds.
  path: Assets/2D Gore UI/Rib.png
  artifactKey: Guid(fdf4f115fb1227041b90288b6e051a52) Importer(815301076,1909f56bfc062723c751e8b465ee728b)
Start importing Assets/2D Gore UI/Rib.png using Guid(fdf4f115fb1227041b90288b6e051a52) Importer(815301076,1909f56bfc062723c751e8b465ee728b)  -> (artifact id: '45d3c0afd669aaa076cc54204e9aac2e') in 0.008871 seconds
  Import took 0.010660 seconds .

========================================================================
Received Import Request.
  Time since last request: 0.000204 seconds.
  path: Assets/guns/preview/shotgun_reload.png
  artifactKey: Guid(2a321a598cbf42b479c0f5c994e771ff) Importer(815301076,1909f56bfc062723c751e8b465ee728b)
Start importing Assets/guns/preview/shotgun_reload.png using Guid(2a321a598cbf42b479c0f5c994e771ff) Importer(815301076,1909f56bfc062723c751e8b465ee728b)  -> (artifact id: '566cadd3ec528bd8c683b8342228bb27') in 0.008650 seconds
  Import took 0.010433 seconds .

========================================================================
Received Import Request.
  Time since last request: 0.000203 seconds.
  path: Assets/guns/preview/revolver_revolver.png
  artifactKey: Guid(85fa40534628b394cafa92370385860a) Importer(815301076,1909f56bfc062723c751e8b465ee728b)
Start importing Assets/guns/preview/revolver_revolver.png using Guid(85fa40534628b394cafa92370385860a) Importer(815301076,1909f56bfc062723c751e8b465ee728b)  -> (artifact id: 'e22e6a09ad899ce53a12423a14a5ab60') in 0.008747 seconds
  Import took 0.011021 seconds .

========================================================================
Received Import Request.
  Time since last request: 0.000258 seconds.
  path: Assets/guns/preview/shotgun.png
  artifactKey: Guid(565c797c19c53314fa809fe65860fc10) Importer(815301076,1909f56bfc062723c751e8b465ee728b)
Start importing Assets/guns/preview/shotgun.png using Guid(565c797c19c53314fa809fe65860fc10) Importer(815301076,1909f56bfc062723c751e8b465ee728b)  -> (artifact id: 'f1a090bbe6eebad613b8ed791381ab74') in 0.008873 seconds
  Import took 0.010377 seconds .

========================================================================
Received Import Request.
  Time since last request: 0.000233 seconds.
  path: Assets/guns/preview/revolver_revolver.png
  artifactKey: Guid(85fa40534628b394cafa92370385860a) Importer(815301076,1909f56bfc062723c751e8b465ee728b)
Start importing Assets/guns/preview/revolver_revolver.png using Guid(85fa40534628b394cafa92370385860a) Importer(815301076,1909f56bfc062723c751e8b465ee728b)  -> (artifact id: 'e22e6a09ad899ce53a12423a14a5ab60') in 0.004414 seconds
  Import took 0.005912 seconds .

========================================================================
Received Import Request.
  Time since last request: 0.000243 seconds.
  path: Assets/guns/preview/revolver.png
  artifactKey: Guid(a41a8378464bdfc448139f8fbf03ce5e) Importer(815301076,1909f56bfc062723c751e8b465ee728b)
Start importing Assets/guns/preview/revolver.png using Guid(a41a8378464bdfc448139f8fbf03ce5e) Importer(815301076,1909f56bfc062723c751e8b465ee728b)  -> (artifact id: '45d6384c57eb0220b60f20ffc2c7f9bf') in 0.004822 seconds
  Import took 0.006302 seconds .

========================================================================
Received Import Request.
  Time since last request: 0.015385 seconds.
  path: Assets/guns/preview/shotgun.png
  artifactKey: Guid(565c797c19c53314fa809fe65860fc10) Importer(815301076,1909f56bfc062723c751e8b465ee728b)
Start importing Assets/guns/preview/shotgun.png using Guid(565c797c19c53314fa809fe65860fc10) Importer(815301076,1909f56bfc062723c751e8b465ee728b)  -> (artifact id: 'f1a090bbe6eebad613b8ed791381ab74') in 0.004942 seconds
  Import took 0.006982 seconds .

========================================================================
Received Import Request.
  Time since last request: 0.420678 seconds.
  path: Assets/Assets/SM-2-Ghost.png
  artifactKey: Guid(4c4cc7e8c4f58ce4680007d2d19d1f79) Importer(815301076,1909f56bfc062723c751e8b465ee728b)
Start importing Assets/Assets/SM-2-Ghost.png using Guid(4c4cc7e8c4f58ce4680007d2d19d1f79) Importer(815301076,1909f56bfc062723c751e8b465ee728b)  -> (artifact id: '6093603d40a3f9fbe0629f1a894cddb7') in 0.004796 seconds
  Import took 0.006599 seconds .

========================================================================
Received Import Request.
  Time since last request: 0.003142 seconds.
  path: Assets/Assets/SM-2-Ghost.png
  artifactKey: Guid(4c4cc7e8c4f58ce4680007d2d19d1f79) Importer(815301076,1909f56bfc062723c751e8b465ee728b)
Start importing Assets/Assets/SM-2-Ghost.png using Guid(4c4cc7e8c4f58ce4680007d2d19d1f79) Importer(815301076,1909f56bfc062723c751e8b465ee728b)  -> (artifact id: '6093603d40a3f9fbe0629f1a894cddb7') in 0.005005 seconds
  Import took 0.006503 seconds .

========================================================================
Received Import Request.
  Time since last request: 0.000227 seconds.
  path: Assets/Assets/SM-3-Tomb1.png
  artifactKey: Guid(a70b4e7c22090d74396f7f7273e58078) Importer(815301076,1909f56bfc062723c751e8b465ee728b)
Start importing Assets/Assets/SM-3-Tomb1.png using Guid(a70b4e7c22090d74396f7f7273e58078) Importer(815301076,1909f56bfc062723c751e8b465ee728b)  -> (artifact id: 'a812521a1d095c1a2df4b2feabbc4902') in 0.004185 seconds
  Import took 0.005607 seconds .

========================================================================
Received Import Request.
  Time since last request: 0.000190 seconds.
  path: Assets/Assets/SM-4-Tomb2.png
  artifactKey: Guid(cb5a2da85fa5d8c4da821bdd5b404952) Importer(815301076,1909f56bfc062723c751e8b465ee728b)
Start importing Assets/Assets/SM-4-Tomb2.png using Guid(cb5a2da85fa5d8c4da821bdd5b404952) Importer(815301076,1909f56bfc062723c751e8b465ee728b)  -> (artifact id: '51f4d20d41024d5a5c863c92ecbaee55') in 0.005050 seconds
  Import took 0.006791 seconds .

========================================================================
Received Import Request.
  Time since last request: 0.015052 seconds.
  path: Assets/Assets/SM-3-Tomb1.png
  artifactKey: Guid(a70b4e7c22090d74396f7f7273e58078) Importer(815301076,1909f56bfc062723c751e8b465ee728b)
Start importing Assets/Assets/SM-3-Tomb1.png using Guid(a70b4e7c22090d74396f7f7273e58078) Importer(815301076,1909f56bfc062723c751e8b465ee728b)  -> (artifact id: 'a812521a1d095c1a2df4b2feabbc4902') in 0.004005 seconds
  Import took 0.005617 seconds .

========================================================================
Received Import Request.
  Time since last request: 0.301978 seconds.
  path: Assets/Assets/SM-5-Tomb3.png
  artifactKey: Guid(eab51ae4ce600364eb24752179ed72af) Importer(815301076,1909f56bfc062723c751e8b465ee728b)
Start importing Assets/Assets/SM-5-Tomb3.png using Guid(eab51ae4ce600364eb24752179ed72af) Importer(815301076,1909f56bfc062723c751e8b465ee728b)  -> (artifact id: '7fc8709b2cde6a371544b446e8ccc918') in 0.011106 seconds
  Import took 0.013770 seconds .

========================================================================
Received Import Request.
  Time since last request: 0.000299 seconds.
  path: Assets/Assets/SM-8-Pillar.png
  artifactKey: Guid(321faf51492fcff4ea7f452a077bbd2c) Importer(815301076,1909f56bfc062723c751e8b465ee728b)
Start importing Assets/Assets/SM-8-Pillar.png using Guid(321faf51492fcff4ea7f452a077bbd2c) Importer(815301076,1909f56bfc062723c751e8b465ee728b)  -> (artifact id: '7635ecb339df18ced7044abba04fc14f') in 0.008668 seconds
  Import took 0.010336 seconds .

========================================================================
Received Import Request.
  Time since last request: 0.000233 seconds.
  path: Assets/Assets/SM-6-Raven.png
  artifactKey: Guid(debc3aa8977c5f84993bb8f75293beeb) Importer(815301076,1909f56bfc062723c751e8b465ee728b)
Start importing Assets/Assets/SM-6-Raven.png using Guid(debc3aa8977c5f84993bb8f75293beeb) Importer(815301076,1909f56bfc062723c751e8b465ee728b)  -> (artifact id: 'dcfb190da3fc419b57e7adb0314f0941') in 0.004335 seconds
  Import took 0.005821 seconds .

========================================================================
Received Import Request.
  Time since last request: 0.000217 seconds.
  path: Assets/Assets/SM-7-Fence.png
  artifactKey: Guid(43b189d98064be744bdc548db58fb784) Importer(815301076,1909f56bfc062723c751e8b465ee728b)
Start importing Assets/Assets/SM-7-Fence.png using Guid(43b189d98064be744bdc548db58fb784) Importer(815301076,1909f56bfc062723c751e8b465ee728b)  -> (artifact id: '8a378c7f40217000713eb1fc8d27fc66') in 0.004470 seconds
  Import took 0.006030 seconds .

========================================================================
Received Import Request.
  Time since last request: 0.045701 seconds.
  path: Assets/Assets/SM-9-Igor_Tpose.png
  artifactKey: Guid(ad471dc4fd928b44db4b91cc7c0d4af2) Importer(815301076,1909f56bfc062723c751e8b465ee728b)
Start importing Assets/Assets/SM-9-Igor_Tpose.png using Guid(ad471dc4fd928b44db4b91cc7c0d4af2) Importer(815301076,1909f56bfc062723c751e8b465ee728b)  -> (artifact id: 'eef18067a24013883f47bb12b13a0e30') in 0.007186 seconds
  Import took 0.008828 seconds .

========================================================================
Received Import Request.
  Time since last request: 0.000201 seconds.
  path: Assets/Assets/SM-10-Spade.png
  artifactKey: Guid(76acc79c3d7f7aa4a92914cccb1878b4) Importer(815301076,1909f56bfc062723c751e8b465ee728b)
Start importing Assets/Assets/SM-10-Spade.png using Guid(76acc79c3d7f7aa4a92914cccb1878b4) Importer(815301076,1909f56bfc062723c751e8b465ee728b)  -> (artifact id: 'ad55fa5934780bc6344418c95a1b5a5b') in 0.006755 seconds
  Import took 0.008227 seconds .

========================================================================
Received Import Request.
  Time since last request: 0.000218 seconds.
  path: Assets/Assets/SM-9-Igor_Tpose.png
  artifactKey: Guid(ad471dc4fd928b44db4b91cc7c0d4af2) Importer(815301076,1909f56bfc062723c751e8b465ee728b)
Start importing Assets/Assets/SM-9-Igor_Tpose.png using Guid(ad471dc4fd928b44db4b91cc7c0d4af2) Importer(815301076,1909f56bfc062723c751e8b465ee728b)  -> (artifact id: 'eef18067a24013883f47bb12b13a0e30') in 0.004347 seconds
  Import took 0.005925 seconds .

========================================================================
Received Import Request.
  Time since last request: 0.571016 seconds.
  path: Assets/Assets/SM-11-Igor_wSpade.png
  artifactKey: Guid(2713caeb10ff22c4299cfc1f1e226f88) Importer(815301076,1909f56bfc062723c751e8b465ee728b)
Start importing Assets/Assets/SM-11-Igor_wSpade.png using Guid(2713caeb10ff22c4299cfc1f1e226f88) Importer(815301076,1909f56bfc062723c751e8b465ee728b)  -> (artifact id: '3f4493eec38f1952d13daa38662097e6') in 0.009792 seconds
  Import took 0.011536 seconds .

========================================================================
Received Import Request.
  Time since last request: 0.000160 seconds.
  path: Assets/guns/preview/sniper.png
  artifactKey: Guid(7e112717e967ad94eb60b75586735daf) Importer(815301076,1909f56bfc062723c751e8b465ee728b)
Start importing Assets/guns/preview/sniper.png using Guid(7e112717e967ad94eb60b75586735daf) Importer(815301076,1909f56bfc062723c751e8b465ee728b)  -> (artifact id: '37196c26abfea3f12774e2938600cbbd') in 0.011567 seconds
  Import took 0.013406 seconds .

========================================================================
Received Import Request.
  Time since last request: 0.068353 seconds.
  path: Assets/guns/preview/sniper_scope.png
  artifactKey: Guid(d505ca6b0df3482469e378bf593e2716) Importer(815301076,1909f56bfc062723c751e8b465ee728b)
Start importing Assets/guns/preview/sniper_scope.png using Guid(d505ca6b0df3482469e378bf593e2716) Importer(815301076,1909f56bfc062723c751e8b465ee728b)  -> (artifact id: '5e43dc7bb4d1ee542fcd7052a6d43aaf') in 0.008770 seconds
  Import took 0.010806 seconds .

========================================================================
Received Import Request.
  Time since last request: 0.000254 seconds.
  path: Assets/guns/title.png
  artifactKey: Guid(edce7d506f077364ab7730f14e1707da) Importer(815301076,1909f56bfc062723c751e8b465ee728b)
Start importing Assets/guns/title.png using Guid(edce7d506f077364ab7730f14e1707da) Importer(815301076,1909f56bfc062723c751e8b465ee728b)  -> (artifact id: '57a4f621032a4c7554c119448124f12a') in 0.009908 seconds
  Import took 0.011936 seconds .

========================================================================
Received Import Request.
  Time since last request: 0.020183 seconds.
  path: Assets/guns/title.png
  artifactKey: Guid(edce7d506f077364ab7730f14e1707da) Importer(815301076,1909f56bfc062723c751e8b465ee728b)
Start importing Assets/guns/title.png using Guid(edce7d506f077364ab7730f14e1707da) Importer(815301076,1909f56bfc062723c751e8b465ee728b)  -> (artifact id: '57a4f621032a4c7554c119448124f12a') in 0.005115 seconds
  Import took 0.006877 seconds .

========================================================================
Received Import Request.
  Time since last request: 0.000224 seconds.
  path: Assets/guns/preview/uzi_mag.png
  artifactKey: Guid(d6f302f2901eec346a5bd1ac2e405f81) Importer(815301076,1909f56bfc062723c751e8b465ee728b)
Start importing Assets/guns/preview/uzi_mag.png using Guid(d6f302f2901eec346a5bd1ac2e405f81) Importer(815301076,1909f56bfc062723c751e8b465ee728b)  -> (artifact id: '87fa5b1c321453c18a1add855774fecd') in 0.008364 seconds
  Import took 0.010313 seconds .

========================================================================
Received Import Request.
  Time since last request: 0.000161 seconds.
  path: Assets/guns/preview/uzi.png
  artifactKey: Guid(b688933e594f2e6478bd32d9cd30428d) Importer(815301076,1909f56bfc062723c751e8b465ee728b)
Start importing Assets/guns/preview/uzi.png using Guid(b688933e594f2e6478bd32d9cd30428d) Importer(815301076,1909f56bfc062723c751e8b465ee728b)  -> (artifact id: '018acde8b47dda166f4048e8ad10a41e') in 0.008960 seconds
  Import took 0.010588 seconds .

========================================================================
Received Import Request.
  Time since last request: 0.005724 seconds.
  path: Assets/guns/preview/uzi.png
  artifactKey: Guid(b688933e594f2e6478bd32d9cd30428d) Importer(815301076,1909f56bfc062723c751e8b465ee728b)
Start importing Assets/guns/preview/uzi.png using Guid(b688933e594f2e6478bd32d9cd30428d) Importer(815301076,1909f56bfc062723c751e8b465ee728b)  -> (artifact id: '018acde8b47dda166f4048e8ad10a41e') in 0.005360 seconds
  Import took 0.006927 seconds .

========================================================================
Received Import Request.
  Time since last request: 18.558889 seconds.
  path: Assets/Assets/SM-0-Ground.png
  artifactKey: Guid(716aa5a237245af4bbb1ed3cd78eb747) Importer(815301076,1909f56bfc062723c751e8b465ee728b)
Start importing Assets/Assets/SM-0-Ground.png using Guid(716aa5a237245af4bbb1ed3cd78eb747) Importer(815301076,1909f56bfc062723c751e8b465ee728b)  -> (artifact id: 'af42890e013eb39ae4a3723c0fad953c') in 0.009719 seconds
  Import took 0.011328 seconds .

========================================================================
Received Import Request.
  Time since last request: 4.051220 seconds.
  path: Assets/Assets/SM-0-Ground.png
  artifactKey: Guid(716aa5a237245af4bbb1ed3cd78eb747) Importer(815301076,1909f56bfc062723c751e8b465ee728b)
Start importing Assets/Assets/SM-0-Ground.png using Guid(716aa5a237245af4bbb1ed3cd78eb747) Importer(815301076,1909f56bfc062723c751e8b465ee728b)  -> (artifact id: '451367c02820e9b9d893e822824ca1e4') in 0.018592 seconds
  Import took 0.020515 seconds .

========================================================================
Received Import Request.
  Time since last request: 5.391149 seconds.
  path: Assets/Assets/SM-0-Ground.png
  artifactKey: Guid(716aa5a237245af4bbb1ed3cd78eb747) Importer(815301076,1909f56bfc062723c751e8b465ee728b)
Start importing Assets/Assets/SM-0-Ground.png using Guid(716aa5a237245af4bbb1ed3cd78eb747) Importer(815301076,1909f56bfc062723c751e8b465ee728b)  -> (artifact id: 'cb21e21412803a4125caf142a373f8ee') in 0.004896 seconds
  Import took 0.006903 seconds .

========================================================================
Received Import Request.
  Time since last request: 4.734748 seconds.
  path: Assets/Assets/SM-0-Ground.png
  artifactKey: Guid(716aa5a237245af4bbb1ed3cd78eb747) Importer(815301076,1909f56bfc062723c751e8b465ee728b)
Start importing Assets/Assets/SM-0-Ground.png using Guid(716aa5a237245af4bbb1ed3cd78eb747) Importer(815301076,1909f56bfc062723c751e8b465ee728b)  -> (artifact id: '37afbf78644aae3f906170fead509797') in 0.008980 seconds
  Import took 0.011010 seconds .

========================================================================
Received Import Request.
  Time since last request: 8.021277 seconds.
  path: Assets/Assets/SM-0-Ground.png
  artifactKey: Guid(716aa5a237245af4bbb1ed3cd78eb747) Importer(815301076,1909f56bfc062723c751e8b465ee728b)
Start importing Assets/Assets/SM-0-Ground.png using Guid(716aa5a237245af4bbb1ed3cd78eb747) Importer(815301076,1909f56bfc062723c751e8b465ee728b)  -> (artifact id: 'a7620a1bfc4cd672be010a825f5b2dca') in 0.008469 seconds
  Import took 0.010253 seconds .

========================================================================
Received Import Request.
  Time since last request: 295.995462 seconds.
  path: Assets/Assets/SM-0-Ground.mtl
  artifactKey: Guid(724b90a7856bffa4aba798c38b915367) Importer(815301076,1909f56bfc062723c751e8b465ee728b)
Start importing Assets/Assets/SM-0-Ground.mtl using Guid(724b90a7856bffa4aba798c38b915367) Importer(815301076,1909f56bfc062723c751e8b465ee728b)  -> (artifact id: 'd612d7dcec28ae5d8ec4fa13fd11ca11') in 0.003164 seconds
  Import took 0.005086 seconds .

========================================================================
Received Import Request.
  Time since last request: 28.427259 seconds.
  path: Assets/Assets/Materials/SM-0-Ground.mat
  artifactKey: Guid(bc2e67df2faecb4419811a3b8e98d290) Importer(815301076,1909f56bfc062723c751e8b465ee728b)
Start importing Assets/Assets/Materials/SM-0-Ground.mat using Guid(bc2e67df2faecb4419811a3b8e98d290) Importer(815301076,1909f56bfc062723c751e8b465ee728b) Error assigning 3D texture to 2D texture property '_MainTex': Dimensions must match
UnityEngine.StackTraceUtility:ExtractStackTrace ()
UnityEditor.PreviewRenderUtility:Render (bool,bool)
UnityEditor.MaterialEditor:DoRenderPreview (UnityEditor.PreviewRenderUtility,bool)
UnityEditor.MaterialEditor:RenderStaticPreview (string,UnityEngine.Object[],int,int)
UnityEditor.AssetPreviewUpdater:CreatePreviewForAsset (UnityEngine.Object,UnityEngine.Object[],string)

[C:\buildslave\unity\build\Runtime/Shaders/ShaderImpl/ShaderTextureProperty.h line 41]

 -> (artifact id: '1e69cb9ed9e604f727285d263c475770') in 0.014629 seconds
  Import took 0.016459 seconds .

========================================================================
Received Import Request.
  Time since last request: 0.000187 seconds.
  path: Assets/guns/blend/shotgun.blend
  artifactKey: Guid(c3b8fac1f77c8a54b9efc37f596fc4ec) Importer(815301076,1909f56bfc062723c751e8b465ee728b)
Start importing Assets/guns/blend/shotgun.blend using Guid(c3b8fac1f77c8a54b9efc37f596fc4ec) Importer(815301076,1909f56bfc062723c751e8b465ee728b)  -> (artifact id: 'f7c058a7a5ae431cf0a12c66635d6080') in 0.034675 seconds
  Import took 0.036192 seconds .

========================================================================
Received Import Request.
  Time since last request: 0.000234 seconds.
  path: Assets/Assets/Materials/SM-0-Ground.mat
  artifactKey: Guid(bc2e67df2faecb4419811a3b8e98d290) Importer(815301076,1909f56bfc062723c751e8b465ee728b)
Start importing Assets/Assets/Materials/SM-0-Ground.mat using Guid(bc2e67df2faecb4419811a3b8e98d290) Importer(815301076,1909f56bfc062723c751e8b465ee728b) Error assigning 3D texture to 2D texture property '_MainTex': Dimensions must match
UnityEngine.StackTraceUtility:ExtractStackTrace ()
UnityEditor.PreviewRenderUtility:Render (bool,bool)
UnityEditor.MaterialEditor:DoRenderPreview (UnityEditor.PreviewRenderUtility,bool)
UnityEditor.MaterialEditor:RenderStaticPreview (string,UnityEngine.Object[],int,int)
UnityEditor.AssetPreviewUpdater:CreatePreviewForAsset (UnityEngine.Object,UnityEngine.Object[],string)

[C:\buildslave\unity\build\Runtime/Shaders/ShaderImpl/ShaderTextureProperty.h line 41]

 -> (artifact id: '1e69cb9ed9e604f727285d263c475770') in 0.006165 seconds
  Import took 0.007684 seconds .

========================================================================
Received Import Request.
  Time since last request: 0.000158 seconds.
  path: Assets/guns/obj_mtl/shotgun.obj
  artifactKey: Guid(19ef774c34fc54b449b701ad1900b28f) Importer(815301076,1909f56bfc062723c751e8b465ee728b)
Start importing Assets/guns/obj_mtl/shotgun.obj using Guid(19ef774c34fc54b449b701ad1900b28f) Importer(815301076,1909f56bfc062723c751e8b465ee728b)  -> (artifact id: '5b7da3867fb81719c4f23ec0ea5e0dde') in 0.025589 seconds
  Import took 0.027544 seconds .

========================================================================
Received Import Request.
  Time since last request: 0.000195 seconds.
  path: Assets/guns/blend/shotgun.blend
  artifactKey: Guid(c3b8fac1f77c8a54b9efc37f596fc4ec) Importer(815301076,1909f56bfc062723c751e8b465ee728b)
Start importing Assets/guns/blend/shotgun.blend using Guid(c3b8fac1f77c8a54b9efc37f596fc4ec) Importer(815301076,1909f56bfc062723c751e8b465ee728b)  -> (artifact id: 'f7c058a7a5ae431cf0a12c66635d6080') in 0.029307 seconds
  Import took 0.031199 seconds .

========================================================================
Received Import Request.
  Time since last request: 0.000230 seconds.
  path: Assets/guns/obj_mtl/shotgun.obj
  artifactKey: Guid(19ef774c34fc54b449b701ad1900b28f) Importer(815301076,1909f56bfc062723c751e8b465ee728b)
Start importing Assets/guns/obj_mtl/shotgun.obj using Guid(19ef774c34fc54b449b701ad1900b28f) Importer(815301076,1909f56bfc062723c751e8b465ee728b)  -> (artifact id: '5b7da3867fb81719c4f23ec0ea5e0dde') in 0.023685 seconds
  Import took 0.025188 seconds .

========================================================================
Received Import Request.
  Time since last request: 136.158246 seconds.
  path: Assets/ground.glb
  artifactKey: Guid(fe722d19d8a18b44d8f051c6ac63cc61) Importer(815301076,1909f56bfc062723c751e8b465ee728b)
Start importing Assets/ground.glb using Guid(fe722d19d8a18b44d8f051c6ac63cc61) Importer(815301076,1909f56bfc062723c751e8b465ee728b)  -> (artifact id: '40e521e714efa1e330e3d95fb3392695') in 0.008055 seconds
  Import took 0.009893 seconds .

========================================================================
Received Prepare
Registering precompiled user dll's ...
Registered in 0.000550 seconds.
Begin MonoManager ReloadAssembly
Native extension for WindowsStandalone target not found
Refreshing native plugins compatible for Editor in 0.17 ms, found 0 plugins.
Preloading 0 native plugins for Editor in 0.00 ms.
Invoked RoslynAnalysisRunner static constructor.
RoslynAnalysisRunner will not be running.
RoslynAnalysisRunner has terminated.
Mono: successfully reloaded assembly
- Completed reload, in  0.653 seconds
Platform modules already initialized, skipping
Refreshing native plugins compatible for Editor in 0.16 ms, found 0 plugins.
Preloading 0 native plugins for Editor in 0.00 ms.
Unloading 1094 Unused Serialized files (Serialized files now loaded: 0)
System memory in use before: 60.7 MB.
System memory in use after: 60.8 MB.

Unloading 5 unused Assets to reduce memory usage. Loaded Objects now: 1598.
Total: 3.477000 ms (FindLiveObjects: 0.310500 ms CreateObjectMapping: 0.090800 ms MarkObjects: 2.974200 ms  DeleteObjects: 0.098600 ms)

========================================================================
Received Import Request.
  Time since last request: 401.819298 seconds.
  path: Assets/Assets/SM-11-Igor_wSpade.obj
  artifactKey: Guid(a87ef782b55e52742b05d00d38403478) Importer(815301076,1909f56bfc062723c751e8b465ee728b)
Start importing Assets/Assets/SM-11-Igor_wSpade.obj using Guid(a87ef782b55e52742b05d00d38403478) Importer(815301076,1909f56bfc062723c751e8b465ee728b)  -> (artifact id: '827f647d7e33177ca01fa4bfee978261') in 0.082558 seconds
  Import took 0.084448 seconds .

========================================================================
Received Import Request.
  Time since last request: 0.000184 seconds.
  path: Assets/Assets/SM-0-Ground.obj
  artifactKey: Guid(d906b04ee6aeeda45b2cb292f24ae542) Importer(815301076,1909f56bfc062723c751e8b465ee728b)
Start importing Assets/Assets/SM-0-Ground.obj using Guid(d906b04ee6aeeda45b2cb292f24ae542) Importer(815301076,1909f56bfc062723c751e8b465ee728b)  -> (artifact id: 'a73cd7d67f73da5282c102e6aff3173f') in 0.020995 seconds
  Import took 0.022791 seconds .

========================================================================
Received Import Request.
  Time since last request: 32.106563 seconds.
  path: Assets/Assets/SM-0-Ground.png
  artifactKey: Guid(716aa5a237245af4bbb1ed3cd78eb747) Importer(815301076,1909f56bfc062723c751e8b465ee728b)
Start importing Assets/Assets/SM-0-Ground.png using Guid(716aa5a237245af4bbb1ed3cd78eb747) Importer(815301076,1909f56bfc062723c751e8b465ee728b)  -> (artifact id: '1da2f7e46ab72e7ffc0749b72fa73f9a') in 0.025583 seconds
  Import took 0.027262 seconds .

========================================================================
Received Import Request.
  Time since last request: 371.785833 seconds.
  path: Assets/Assets/SM-1-Tree.png
  artifactKey: Guid(24b2fdb8b6d018948926f09320681f7d) Importer(815301076,1909f56bfc062723c751e8b465ee728b)
Start importing Assets/Assets/SM-1-Tree.png using Guid(24b2fdb8b6d018948926f09320681f7d) Importer(815301076,1909f56bfc062723c751e8b465ee728b)  -> (artifact id: '004d5137acc9a8af3f4e8d3bf2a3dac1') in 0.007398 seconds
  Import took 0.009036 seconds .

========================================================================
Received Prepare
Registering precompiled user dll's ...
Registered in 0.000605 seconds.
Begin MonoManager ReloadAssembly
Native extension for WindowsStandalone target not found
Refreshing native plugins compatible for Editor in 0.17 ms, found 0 plugins.
Preloading 0 native plugins for Editor in 0.00 ms.
Invoked RoslynAnalysisRunner static constructor.
RoslynAnalysisRunner will not be running.
RoslynAnalysisRunner has terminated.
Mono: successfully reloaded assembly
- Completed reload, in  0.662 seconds
Platform modules already initialized, skipping
Refreshing native plugins compatible for Editor in 0.17 ms, found 0 plugins.
Preloading 0 native plugins for Editor in 0.00 ms.
Unloading 1094 Unused Serialized files (Serialized files now loaded: 0)
System memory in use before: 60.9 MB.
System memory in use after: 61.0 MB.

Unloading 5 unused Assets to reduce memory usage. Loaded Objects now: 1604.
Total: 4.914600 ms (FindLiveObjects: 0.370000 ms CreateObjectMapping: 0.126500 ms MarkObjects: 4.259100 ms  DeleteObjects: 0.155700 ms)

========================================================================
Received Prepare
Registering precompiled user dll's ...
Registered in 0.000521 seconds.
Begin MonoManager ReloadAssembly
Native extension for WindowsStandalone target not found
Refreshing native plugins compatible for Editor in 0.17 ms, found 0 plugins.
Preloading 0 native plugins for Editor in 0.00 ms.
Invoked RoslynAnalysisRunner static constructor.
RoslynAnalysisRunner will not be running.
RoslynAnalysisRunner has terminated.
Mono: successfully reloaded assembly
- Completed reload, in  0.655 seconds
Platform modules already initialized, skipping
Refreshing native plugins compatible for Editor in 0.18 ms, found 0 plugins.
Preloading 0 native plugins for Editor in 0.00 ms.
Unloading 1094 Unused Serialized files (Serialized files now loaded: 0)
System memory in use before: 61.0 MB.
System memory in use after: 61.1 MB.

Unloading 5 unused Assets to reduce memory usage. Loaded Objects now: 1606.
Total: 1.445600 ms (FindLiveObjects: 0.169300 ms CreateObjectMapping: 0.046400 ms MarkObjects: 1.187400 ms  DeleteObjects: 0.041600 ms)

========================================================================
Received Prepare
Registering precompiled user dll's ...
Registered in 0.000602 seconds.
Begin MonoManager ReloadAssembly
Native extension for WindowsStandalone target not found
Refreshing native plugins compatible for Editor in 0.18 ms, found 0 plugins.
Preloading 0 native plugins for Editor in 0.00 ms.
Invoked RoslynAnalysisRunner static constructor.
RoslynAnalysisRunner will not be running.
RoslynAnalysisRunner has terminated.
Mono: successfully reloaded assembly
- Completed reload, in  0.666 seconds
Platform modules already initialized, skipping
Refreshing native plugins compatible for Editor in 0.17 ms, found 0 plugins.
Preloading 0 native plugins for Editor in 0.00 ms.
Unloading 1094 Unused Serialized files (Serialized files now loaded: 0)
System memory in use before: 61.1 MB.
System memory in use after: 61.2 MB.

Unloading 5 unused Assets to reduce memory usage. Loaded Objects now: 1608.
Total: 1.322400 ms (FindLiveObjects: 0.115400 ms CreateObjectMapping: 0.032400 ms MarkObjects: 1.130200 ms  DeleteObjects: 0.043500 ms)

========================================================================
Received Import Request.
  Time since last request: 3067.955818 seconds.
  path: Assets/Scenes/SampleScene.unity
  artifactKey: Guid(9fc0d4010bbf28b4594072e72b8655ab) Importer(815301076,1909f56bfc062723c751e8b465ee728b)
Start importing Assets/Scenes/SampleScene.unity using Guid(9fc0d4010bbf28b4594072e72b8655ab) Importer(815301076,1909f56bfc062723c751e8b465ee728b)  -> (artifact id: '5f3bf9d9e986cc1b7fcf50cc9af1a0c0') in 0.010302 seconds
  Import took 0.012050 seconds .

========================================================================
Received Import Request.
  Time since last request: 4.663548 seconds.
  path: Assets/Scenes/game.unity
  artifactKey: Guid(9fc0d4010bbf28b4594072e72b8655ab) Importer(815301076,1909f56bfc062723c751e8b465ee728b)
Start importing Assets/Scenes/game.unity using Guid(9fc0d4010bbf28b4594072e72b8655ab) Importer(815301076,1909f56bfc062723c751e8b465ee728b)  -> (artifact id: '6937a1d516f388bf57be58efef81886c') in 0.005536 seconds
  Import took 0.007369 seconds .

========================================================================
Received Import Request.
  Time since last request: 11.119519 seconds.
  path: Assets/Scenes/MainMenu.unity
  artifactKey: Guid(73730aa2ddef5234283d2f898c305da6) Importer(815301076,1909f56bfc062723c751e8b465ee728b)
Start importing Assets/Scenes/MainMenu.unity using Guid(73730aa2ddef5234283d2f898c305da6) Importer(815301076,1909f56bfc062723c751e8b465ee728b)  -> (artifact id: 'e010c8afeae1433af57c852190f20f96') in 0.005482 seconds
  Import took 0.007058 seconds .

========================================================================
Received Import Request.
  Time since last request: 171.773063 seconds.
  path: Assets/2D Gore UI
  artifactKey: Guid(eb3eac060e8e19f44bc4b6d0ed16edef) Importer(815301076,1909f56bfc062723c751e8b465ee728b)
Start importing Assets/2D Gore UI using Guid(eb3eac060e8e19f44bc4b6d0ed16edef) Importer(815301076,1909f56bfc062723c751e8b465ee728b)  -> (artifact id: '84e410b80f4b46a69e9c75188154f2bc') in 0.007415 seconds
  Import took 0.009284 seconds .

========================================================================
Received Import Request.
  Time since last request: 171.130385 seconds.
  path: Assets/Heartless.ttf
  artifactKey: Guid(d85f9dbadfe43b544a038cbf4716b7a4) Importer(815301076,1909f56bfc062723c751e8b465ee728b)
Start importing Assets/Heartless.ttf using Guid(d85f9dbadfe43b544a038cbf4716b7a4) Importer(815301076,1909f56bfc062723c751e8b465ee728b)  -> (artifact id: 'ef27bc807b10ceedf34917a7d0c6f24c') in 0.091505 seconds
  Import took 0.093118 seconds .

========================================================================
Received Import Request.
  Time since last request: 0.000393 seconds.
  path: Assets/Heartless.ttf
  artifactKey: Guid(d85f9dbadfe43b544a038cbf4716b7a4) Importer(815301076,1909f56bfc062723c751e8b465ee728b)
Start importing Assets/Heartless.ttf using Guid(d85f9dbadfe43b544a038cbf4716b7a4) Importer(815301076,1909f56bfc062723c751e8b465ee728b)  -> (artifact id: 'ef27bc807b10ceedf34917a7d0c6f24c') in 0.007753 seconds
  Import took 0.009255 seconds .

========================================================================
Received Import Request.
  Time since last request: 36.234264 seconds.
  path: Assets/2D Gore UI/Button_Flesh.png
  artifactKey: Guid(017350a8886014f45b5f6f7cb34494b8) Importer(815301076,1909f56bfc062723c751e8b465ee728b)
Start importing Assets/2D Gore UI/Button_Flesh.png using Guid(017350a8886014f45b5f6f7cb34494b8) Importer(815301076,1909f56bfc062723c751e8b465ee728b)  -> (artifact id: 'fc50941932dc1b044949b2d2a0e5ef01') in 0.019298 seconds
  Import took 0.020917 seconds .

========================================================================
Received Import Request.
  Time since last request: 257.462674 seconds.
  path: Assets/Scenes/MainMenu.unity
  artifactKey: Guid(73730aa2ddef5234283d2f898c305da6) Importer(815301076,1909f56bfc062723c751e8b465ee728b)
Start importing Assets/Scenes/MainMenu.unity using Guid(73730aa2ddef5234283d2f898c305da6) Importer(815301076,1909f56bfc062723c751e8b465ee728b)  -> (artifact id: '29f0884c2b6bfbcdd3ce7843f84d2c67') in 0.002521 seconds
  Import took 0.004334 seconds .

========================================================================
Received Prepare
Registering precompiled user dll's ...
Registered in 0.000559 seconds.
Begin MonoManager ReloadAssembly
Native extension for WindowsStandalone target not found
Refreshing native plugins compatible for Editor in 0.17 ms, found 0 plugins.
Preloading 0 native plugins for Editor in 0.00 ms.
Invoked RoslynAnalysisRunner static constructor.
RoslynAnalysisRunner will not be running.
RoslynAnalysisRunner has terminated.
Mono: successfully reloaded assembly
- Completed reload, in  0.661 seconds
Platform modules already initialized, skipping
Refreshing native plugins compatible for Editor in 0.40 ms, found 0 plugins.
Preloading 0 native plugins for Editor in 0.00 ms.
Unloading 1094 Unused Serialized files (Serialized files now loaded: 0)
System memory in use before: 61.5 MB.
System memory in use after: 61.5 MB.

Unloading 5 unused Assets to reduce memory usage. Loaded Objects now: 1616.
Total: 1.440200 ms (FindLiveObjects: 0.266700 ms CreateObjectMapping: 0.073100 ms MarkObjects: 1.060500 ms  DeleteObjects: 0.039200 ms)

AssetImportWorkerClient::OnTransportError - code=2 error=End of file
