Using pre-set license
Built from '2020.2/release' branch; Version is '2020.2.2f1 (068178b99f32) revision 426360'; Using compiler version '192528614'; Build Type 'Release'
OS: 'Windows 10 Home; OS build 19042.1110; Version 2009; 64bit' Language: 'en' Physical Memory: 16119 MB
BatchMode: 1, IsHumanControllingUs: 0, StartBugReporterOnCrash: 0, Is64bit: 1, IsPro: 0

 COMMAND LINE ARGUMENTS:
C:\Program Files\Unity\Hub\Editor\2020.2.2f1\Editor\Unity.exe
-adb2
-batchMode
-noUpm
-name
AssetImportWorker0
-projectPath
C:/Users/louie/Projects/ZombieGraveyard/ZombieGraveyard
-logFile
Logs/AssetImportWorker0.log
-srvPort
53327
Successfully changed project path to: C:/Users/louie/Projects/ZombieGraveyard/ZombieGraveyard
C:/Users/louie/Projects/ZombieGraveyard/ZombieGraveyard
Using Asset Import Pipeline V2.
Refreshing native plugins compatible for Editor in 69.36 ms, found 0 plugins.
Preloading 0 native plugins for Editor in 0.00 ms.
Initialize engine version: 2020.2.2f1 (068178b99f32)
[Subsystems] Discovering subsystems at path C:/Program Files/Unity/Hub/Editor/2020.2.2f1/Editor/Data/Resources/UnitySubsystems
[Subsystems] Discovering subsystems at path C:/Users/louie/Projects/ZombieGraveyard/ZombieGraveyard/Assets
GfxDevice: creating device client; threaded=0
Direct3D:
    Version:  Direct3D 11.0 [level 11.1]
    Renderer: NVIDIA GeForce GTX 1050 Ti with Max-Q Design (ID=0x1c8c)
    Vendor:   
    VRAM:     4021 MB
    Driver:   27.21.14.6231
Shader 'Universal Render Pipeline/Particles/Lit': fallback shader 'Universal Render Pipeline/Particles/SimpleLit' not found
Initialize mono
Mono path[0] = 'C:/Program Files/Unity/Hub/Editor/2020.2.2f1/Editor/Data/Managed'
Mono path[1] = 'C:/Program Files/Unity/Hub/Editor/2020.2.2f1/Editor/Data/MonoBleedingEdge/lib/mono/unityjit'
Mono config path = 'C:/Program Files/Unity/Hub/Editor/2020.2.2f1/Editor/Data/MonoBleedingEdge/etc'
Using monoOptions --debugger-agent=transport=dt_socket,embedding=1,server=y,suspend=n,address=127.0.0.1:56300
Begin MonoManager ReloadAssembly
Registering precompiled unity dll's ...
Register platform support module: C:/Program Files/Unity/Hub/Editor/2020.2.2f1/Editor/Data/PlaybackEngines/WebGLSupport/UnityEditor.WebGL.Extensions.dll
Register platform support module: C:/Program Files/Unity/Hub/Editor/2020.2.2f1/Editor/Data/PlaybackEngines/WindowsStandaloneSupport/UnityEditor.WindowsStandalone.Extensions.dll
Registered in 0.003811 seconds.
Native extension for WindowsStandalone target not found
Native extension for WebGL target not found
Refreshing native plugins compatible for Editor in 109.20 ms, found 0 plugins.
Preloading 0 native plugins for Editor in 0.00 ms.
Invoked RoslynAnalysisRunner static constructor.
RoslynAnalysisRunner will not be running.
RoslynAnalysisRunner has terminated.
Mono: successfully reloaded assembly
- Completed reload, in  1.605 seconds
Platform modules already initialized, skipping
Registering precompiled user dll's ...
Registered in 0.002724 seconds.
Begin MonoManager ReloadAssembly
Native extension for WindowsStandalone target not found
Native extension for WebGL target not found
Refreshing native plugins compatible for Editor in 90.02 ms, found 0 plugins.
Preloading 0 native plugins for Editor in 0.00 ms.
Invoked RoslynAnalysisRunner static constructor.
RoslynAnalysisRunner will not be running.
RoslynAnalysisRunner has terminated.
Mono: successfully reloaded assembly
- Completed reload, in  1.927 seconds
Platform modules already initialized, skipping
========================================================================
Worker process is ready to serve import requests
Shader 'Universal Render Pipeline/Particles/Lit': fallback shader 'Universal Render Pipeline/Particles/SimpleLit' not found
Launched and connected shader compiler UnityShaderCompiler.exe after 0.13 seconds
Refreshing native plugins compatible for Editor in 1.22 ms, found 0 plugins.
Preloading 0 native plugins for Editor in 0.00 ms.
Unloading 2438 Unused Serialized files (Serialized files now loaded: 0)
System memory in use before: 204.0 MB.
System memory in use after: 204.2 MB.

Unloading 10 unused Assets to reduce memory usage. Loaded Objects now: 2904.
Total: 5.441800 ms (FindLiveObjects: 0.496000 ms CreateObjectMapping: 0.303900 ms MarkObjects: 4.412600 ms  DeleteObjects: 0.226000 ms)

========================================================================
Received Import Request.
  path: Assets/UniveralRenderPipeline/URP.asset
  artifactKey: Guid(b8e7979e48a4af04bbe2cd054e8a35e6) Importer(815301076,1909f56bfc062723c751e8b465ee728b)
Start importing Assets/UniveralRenderPipeline/URP.asset using Guid(b8e7979e48a4af04bbe2cd054e8a35e6) Importer(815301076,1909f56bfc062723c751e8b465ee728b)  -> (artifact id: 'e1f22754dd0c898b026ece56fad2575c') in 0.097837 seconds
  Import took 0.107858 seconds .

========================================================================
Received Import Request.
  Time since last request: 0.000789 seconds.
  path: Assets/UniveralRenderPipeline/URP_Renderer.asset
  artifactKey: Guid(c330de8f92f635a459ebc26159d14ac2) Importer(815301076,1909f56bfc062723c751e8b465ee728b)
Start importing Assets/UniveralRenderPipeline/URP_Renderer.asset using Guid(c330de8f92f635a459ebc26159d14ac2) Importer(815301076,1909f56bfc062723c751e8b465ee728b)  -> (artifact id: '669cffbf5f20cccf809fb8cdff16d0d5') in 0.009277 seconds
  Import took 0.019564 seconds .

========================================================================
Received Import Request.
  Time since last request: 0.000712 seconds.
  path: Assets/UniveralRenderPipeline/New Flare.flare
  artifactKey: Guid(639ac9bbfcc823c4fa4c08287f80ad2c) Importer(815301076,1909f56bfc062723c751e8b465ee728b)
Start importing Assets/UniveralRenderPipeline/New Flare.flare using Guid(639ac9bbfcc823c4fa4c08287f80ad2c) Importer(815301076,1909f56bfc062723c751e8b465ee728b)  -> (artifact id: 'b7699a8d662cf39d284292b2da96b10f') in 0.014067 seconds
  Import took 0.026175 seconds .

========================================================================
Received Import Request.
  Time since last request: 0.022278 seconds.
  path: Assets/UniveralRenderPipeline/New Flare.flare
  artifactKey: Guid(639ac9bbfcc823c4fa4c08287f80ad2c) Importer(815301076,1909f56bfc062723c751e8b465ee728b)
Start importing Assets/UniveralRenderPipeline/New Flare.flare using Guid(639ac9bbfcc823c4fa4c08287f80ad2c) Importer(815301076,1909f56bfc062723c751e8b465ee728b)  -> (artifact id: 'b7699a8d662cf39d284292b2da96b10f') in 0.008957 seconds
  Import took 0.019024 seconds .

========================================================================
Received Import Request.
  Time since last request: 13.466557 seconds.
  path: Assets/UniveralRenderPipeline
  artifactKey: Guid(0ed2ffeacbbe5ad449617972cde38a82) Importer(815301076,1909f56bfc062723c751e8b465ee728b)
Start importing Assets/UniveralRenderPipeline using Guid(0ed2ffeacbbe5ad449617972cde38a82) Importer(815301076,1909f56bfc062723c751e8b465ee728b)  -> (artifact id: 'bbcfc42acf9de8761bb9cf6a1414dab4') in 0.002333 seconds
  Import took 0.006997 seconds .

========================================================================
Received Import Request.
  Time since last request: 30.503228 seconds.
  path: Assets/UniveralRenderPipeline/Default_Lit.mat
  artifactKey: Guid(c7d7a48e97dbec3499498814c220fa98) Importer(815301076,1909f56bfc062723c751e8b465ee728b)
Start importing Assets/UniveralRenderPipeline/Default_Lit.mat using Guid(c7d7a48e97dbec3499498814c220fa98) Importer(815301076,1909f56bfc062723c751e8b465ee728b)  -> (artifact id: '4b2162f2cdaadc42c72059d3e7126e40') in 0.249670 seconds
  Import took 0.254623 seconds .

========================================================================
Received Import Request.
  Time since last request: 12.829408 seconds.
  path: Assets/2D Gore UI/UI stuff/bloodparticle.mat
  artifactKey: Guid(0f5929f94f8caa64998f6a239b62301f) Importer(815301076,1909f56bfc062723c751e8b465ee728b)
Start importing Assets/2D Gore UI/UI stuff/bloodparticle.mat using Guid(0f5929f94f8caa64998f6a239b62301f) Importer(815301076,1909f56bfc062723c751e8b465ee728b)  -> (artifact id: 'c20c310653b61cf99967ecec5ca1b780') in 0.015755 seconds
  Import took 0.021185 seconds .

========================================================================
Received Import Request.
  Time since last request: 0.000373 seconds.
  path: Assets/animations/Zombie Animations/Materials/Zed_1.mat
  artifactKey: Guid(ab84a0cae0bdf2f4886824b495f83ca4) Importer(815301076,1909f56bfc062723c751e8b465ee728b)
Start importing Assets/animations/Zombie Animations/Materials/Zed_1.mat using Guid(ab84a0cae0bdf2f4886824b495f83ca4) Importer(815301076,1909f56bfc062723c751e8b465ee728b)  -> (artifact id: 'ddd6c05c0c5ed81e00a7b08bef7d0b03') in 0.012041 seconds
  Import took 0.019741 seconds .

========================================================================
Received Import Request.
  Time since last request: 0.000788 seconds.
  path: Assets/Materials/zombie1.mat
  artifactKey: Guid(f4390a2018b8577408473aa54fca81ad) Importer(815301076,1909f56bfc062723c751e8b465ee728b)
Start importing Assets/Materials/zombie1.mat using Guid(f4390a2018b8577408473aa54fca81ad) Importer(815301076,1909f56bfc062723c751e8b465ee728b)  -> (artifact id: 'b8fa736eb6b9092684f608690f78e6be') in 0.018820 seconds
  Import took 0.025394 seconds .

========================================================================
Received Import Request.
  Time since last request: 0.000599 seconds.
  path: Assets/animations/Zombie Animations/Materials/zombie1.mat
  artifactKey: Guid(72c70c9ab94b5a148bfe4cb3e64fd3b3) Importer(815301076,1909f56bfc062723c751e8b465ee728b)
Start importing Assets/animations/Zombie Animations/Materials/zombie1.mat using Guid(72c70c9ab94b5a148bfe4cb3e64fd3b3) Importer(815301076,1909f56bfc062723c751e8b465ee728b)  -> (artifact id: '495949b516d9c8ea318d6fe053dcf508') in 0.014910 seconds
  Import took 0.020144 seconds .

========================================================================
Received Prepare
Registering precompiled user dll's ...
Registered in 0.001884 seconds.
Begin MonoManager ReloadAssembly
Native extension for WindowsStandalone target not found
Native extension for WebGL target not found
Refreshing native plugins compatible for Editor in 0.39 ms, found 0 plugins.
Preloading 0 native plugins for Editor in 0.00 ms.
Invoked RoslynAnalysisRunner static constructor.
RoslynAnalysisRunner will not be running.
RoslynAnalysisRunner has terminated.
Mono: successfully reloaded assembly
- Completed reload, in  1.051 seconds
Platform modules already initialized, skipping
Shader 'Universal Render Pipeline/Particles/Lit': fallback shader 'Universal Render Pipeline/Particles/SimpleLit' not found
Refreshing native plugins compatible for Editor in 0.46 ms, found 0 plugins.
Preloading 0 native plugins for Editor in 0.00 ms.
Unloading 2333 Unused Serialized files (Serialized files now loaded: 0)
System memory in use before: 203.8 MB.
System memory in use after: 204.0 MB.

Unloading 6 unused Assets to reduce memory usage. Loaded Objects now: 2987.
Total: 2.838000 ms (FindLiveObjects: 0.311200 ms CreateObjectMapping: 0.167200 ms MarkObjects: 2.267100 ms  DeleteObjects: 0.091200 ms)

========================================================================
Received Prepare
Registering precompiled user dll's ...
Registered in 0.002506 seconds.
Begin MonoManager ReloadAssembly
Native extension for WindowsStandalone target not found
Native extension for WebGL target not found
Refreshing native plugins compatible for Editor in 0.47 ms, found 0 plugins.
Preloading 0 native plugins for Editor in 0.00 ms.
Invoked RoslynAnalysisRunner static constructor.
RoslynAnalysisRunner will not be running.
RoslynAnalysisRunner has terminated.
Mono: successfully reloaded assembly
- Completed reload, in  1.437 seconds
Platform modules already initialized, skipping
Shader 'Universal Render Pipeline/Particles/Lit': fallback shader 'Universal Render Pipeline/Particles/SimpleLit' not found
Refreshing native plugins compatible for Editor in 0.43 ms, found 0 plugins.
Preloading 0 native plugins for Editor in 0.00 ms.
Unloading 2331 Unused Serialized files (Serialized files now loaded: 0)
System memory in use before: 204.8 MB.
System memory in use after: 205.0 MB.

Unloading 6 unused Assets to reduce memory usage. Loaded Objects now: 2989.
Total: 3.201800 ms (FindLiveObjects: 0.408000 ms CreateObjectMapping: 0.189000 ms MarkObjects: 2.507200 ms  DeleteObjects: 0.096100 ms)

========================================================================
Received Import Request.
  Time since last request: 3026.872204 seconds.
  path: Assets/Scripts/Weapons
  artifactKey: Guid(29c371ab4a219aa42a48edaa45c7256b) Importer(815301076,1909f56bfc062723c751e8b465ee728b)
Start importing Assets/Scripts/Weapons using Guid(29c371ab4a219aa42a48edaa45c7256b) Importer(815301076,1909f56bfc062723c751e8b465ee728b)  -> (artifact id: '9ca4dea35d546749895d195b2d475f5e') in 0.006584 seconds
  Import took 0.011331 seconds .

========================================================================
Received Prepare
Registering precompiled user dll's ...
Registered in 0.002591 seconds.
Begin MonoManager ReloadAssembly
Native extension for WindowsStandalone target not found
Native extension for WebGL target not found
Refreshing native plugins compatible for Editor in 0.53 ms, found 0 plugins.
Preloading 0 native plugins for Editor in 0.00 ms.
Invoked RoslynAnalysisRunner static constructor.
RoslynAnalysisRunner will not be running.
RoslynAnalysisRunner has terminated.
Mono: successfully reloaded assembly
- Completed reload, in  1.546 seconds
Platform modules already initialized, skipping
Shader 'Universal Render Pipeline/Particles/Lit': fallback shader 'Universal Render Pipeline/Particles/SimpleLit' not found
Refreshing native plugins compatible for Editor in 0.55 ms, found 0 plugins.
Preloading 0 native plugins for Editor in 0.00 ms.
Unloading 2331 Unused Serialized files (Serialized files now loaded: 0)
System memory in use before: 204.9 MB.
System memory in use after: 205.1 MB.

Unloading 6 unused Assets to reduce memory usage. Loaded Objects now: 2991.
Total: 3.473800 ms (FindLiveObjects: 0.488600 ms CreateObjectMapping: 0.210300 ms MarkObjects: 2.668000 ms  DeleteObjects: 0.105300 ms)

========================================================================
Received Import Request.
  Time since last request: 147.343710 seconds.
  path: ProjectSettings/TagManager.asset
  artifactKey: Guid(00000000000000003000000000000000) Importer(815301076,1909f56bfc062723c751e8b465ee728b)
Start importing ProjectSettings/TagManager.asset using Guid(00000000000000003000000000000000) Importer(815301076,1909f56bfc062723c751e8b465ee728b)  -> (artifact id: '2de55386adf7ba6a9f32012a4bac591d') in 0.011914 seconds
  Import took 0.017876 seconds .

========================================================================
Received Prepare
Registering precompiled user dll's ...
Registered in 0.002100 seconds.
Begin MonoManager ReloadAssembly
Native extension for WindowsStandalone target not found
Native extension for WebGL target not found
Refreshing native plugins compatible for Editor in 0.48 ms, found 0 plugins.
Preloading 0 native plugins for Editor in 0.00 ms.
Invoked RoslynAnalysisRunner static constructor.
RoslynAnalysisRunner will not be running.
RoslynAnalysisRunner has terminated.
Mono: successfully reloaded assembly
- Completed reload, in  1.456 seconds
Platform modules already initialized, skipping
Shader 'Universal Render Pipeline/Particles/Lit': fallback shader 'Universal Render Pipeline/Particles/SimpleLit' not found
Refreshing native plugins compatible for Editor in 0.68 ms, found 0 plugins.
Preloading 0 native plugins for Editor in 0.00 ms.
Unloading 2331 Unused Serialized files (Serialized files now loaded: 0)
System memory in use before: 204.9 MB.
System memory in use after: 205.1 MB.

Unloading 7 unused Assets to reduce memory usage. Loaded Objects now: 2993.
Total: 4.448300 ms (FindLiveObjects: 0.435100 ms CreateObjectMapping: 0.205100 ms MarkObjects: 3.691200 ms  DeleteObjects: 0.114600 ms)

========================================================================
Received Prepare
Registering precompiled user dll's ...
Registered in 0.001896 seconds.
Begin MonoManager ReloadAssembly
Native extension for WindowsStandalone target not found
Native extension for WebGL target not found
Refreshing native plugins compatible for Editor in 0.51 ms, found 0 plugins.
Preloading 0 native plugins for Editor in 0.00 ms.
Invoked RoslynAnalysisRunner static constructor.
RoslynAnalysisRunner will not be running.
RoslynAnalysisRunner has terminated.
Mono: successfully reloaded assembly
- Completed reload, in  1.425 seconds
Platform modules already initialized, skipping
Shader 'Universal Render Pipeline/Particles/Lit': fallback shader 'Universal Render Pipeline/Particles/SimpleLit' not found
Refreshing native plugins compatible for Editor in 0.46 ms, found 0 plugins.
Preloading 0 native plugins for Editor in 0.00 ms.
Unloading 2331 Unused Serialized files (Serialized files now loaded: 0)
System memory in use before: 204.8 MB.
System memory in use after: 205.0 MB.

Unloading 6 unused Assets to reduce memory usage. Loaded Objects now: 2995.
Total: 5.492700 ms (FindLiveObjects: 1.131700 ms CreateObjectMapping: 0.234700 ms MarkObjects: 4.033800 ms  DeleteObjects: 0.090800 ms)

========================================================================
Received Prepare
Registering precompiled user dll's ...
Registered in 0.002835 seconds.
Begin MonoManager ReloadAssembly
Native extension for WindowsStandalone target not found
Native extension for WebGL target not found
Refreshing native plugins compatible for Editor in 0.56 ms, found 0 plugins.
Preloading 0 native plugins for Editor in 0.00 ms.
Invoked RoslynAnalysisRunner static constructor.
RoslynAnalysisRunner will not be running.
RoslynAnalysisRunner has terminated.
Mono: successfully reloaded assembly
- Completed reload, in  1.777 seconds
Platform modules already initialized, skipping
Shader 'Universal Render Pipeline/Particles/Lit': fallback shader 'Universal Render Pipeline/Particles/SimpleLit' not found
Refreshing native plugins compatible for Editor in 0.73 ms, found 0 plugins.
Preloading 0 native plugins for Editor in 0.00 ms.
Unloading 2331 Unused Serialized files (Serialized files now loaded: 0)
System memory in use before: 204.9 MB.
System memory in use after: 205.1 MB.

Unloading 6 unused Assets to reduce memory usage. Loaded Objects now: 2997.
Total: 5.754800 ms (FindLiveObjects: 0.893200 ms CreateObjectMapping: 0.361000 ms MarkObjects: 4.318100 ms  DeleteObjects: 0.178100 ms)

========================================================================
Received Prepare
Registering precompiled user dll's ...
Registered in 0.006810 seconds.
Begin MonoManager ReloadAssembly
Native extension for WindowsStandalone target not found
Native extension for WebGL target not found
Refreshing native plugins compatible for Editor in 0.65 ms, found 0 plugins.
Preloading 0 native plugins for Editor in 0.00 ms.
Invoked RoslynAnalysisRunner static constructor.
RoslynAnalysisRunner will not be running.
RoslynAnalysisRunner has terminated.
Mono: successfully reloaded assembly
- Completed reload, in  2.197 seconds
Platform modules already initialized, skipping
Shader 'Universal Render Pipeline/Particles/Lit': fallback shader 'Universal Render Pipeline/Particles/SimpleLit' not found
Refreshing native plugins compatible for Editor in 1.10 ms, found 0 plugins.
Preloading 0 native plugins for Editor in 0.00 ms.
Unloading 2331 Unused Serialized files (Serialized files now loaded: 0)
System memory in use before: 204.9 MB.
System memory in use after: 205.1 MB.

Unloading 6 unused Assets to reduce memory usage. Loaded Objects now: 2999.
Total: 4.825900 ms (FindLiveObjects: 0.479700 ms CreateObjectMapping: 0.222300 ms MarkObjects: 3.987100 ms  DeleteObjects: 0.134400 ms)

========================================================================
Received Prepare
Registering precompiled user dll's ...
Registered in 0.002718 seconds.
Begin MonoManager ReloadAssembly
Native extension for WindowsStandalone target not found
Native extension for WebGL target not found
Refreshing native plugins compatible for Editor in 2.12 ms, found 0 plugins.
Preloading 0 native plugins for Editor in 0.00 ms.
Invoked RoslynAnalysisRunner static constructor.
RoslynAnalysisRunner will not be running.
RoslynAnalysisRunner has terminated.
Mono: successfully reloaded assembly
- Completed reload, in  2.223 seconds
Platform modules already initialized, skipping
Shader 'Universal Render Pipeline/Particles/Lit': fallback shader 'Universal Render Pipeline/Particles/SimpleLit' not found
Refreshing native plugins compatible for Editor in 1.27 ms, found 0 plugins.
Preloading 0 native plugins for Editor in 0.00 ms.
Unloading 2331 Unused Serialized files (Serialized files now loaded: 0)
System memory in use before: 204.9 MB.
System memory in use after: 205.1 MB.

Unloading 6 unused Assets to reduce memory usage. Loaded Objects now: 3001.
Total: 6.643600 ms (FindLiveObjects: 0.596900 ms CreateObjectMapping: 0.268400 ms MarkObjects: 5.597600 ms  DeleteObjects: 0.178200 ms)

========================================================================
Received Prepare
Registering precompiled user dll's ...
Registered in 0.002790 seconds.
Begin MonoManager ReloadAssembly
Native extension for WindowsStandalone target not found
Native extension for WebGL target not found
Refreshing native plugins compatible for Editor in 0.60 ms, found 0 plugins.
Preloading 0 native plugins for Editor in 0.00 ms.
Invoked RoslynAnalysisRunner static constructor.
RoslynAnalysisRunner will not be running.
RoslynAnalysisRunner has terminated.
Mono: successfully reloaded assembly
- Completed reload, in  1.631 seconds
Platform modules already initialized, skipping
Shader 'Universal Render Pipeline/Particles/Lit': fallback shader 'Universal Render Pipeline/Particles/SimpleLit' not found
Refreshing native plugins compatible for Editor in 0.51 ms, found 0 plugins.
Preloading 0 native plugins for Editor in 0.00 ms.
Unloading 2331 Unused Serialized files (Serialized files now loaded: 0)
System memory in use before: 204.9 MB.
System memory in use after: 205.1 MB.

Unloading 6 unused Assets to reduce memory usage. Loaded Objects now: 3003.
Total: 3.734400 ms (FindLiveObjects: 0.391800 ms CreateObjectMapping: 0.205600 ms MarkObjects: 3.003000 ms  DeleteObjects: 0.132000 ms)

========================================================================
Received Prepare
Registering precompiled user dll's ...
Registered in 0.002249 seconds.
Begin MonoManager ReloadAssembly
Native extension for WindowsStandalone target not found
Native extension for WebGL target not found
Refreshing native plugins compatible for Editor in 0.69 ms, found 0 plugins.
Preloading 0 native plugins for Editor in 0.00 ms.
Invoked RoslynAnalysisRunner static constructor.
RoslynAnalysisRunner will not be running.
RoslynAnalysisRunner has terminated.
Mono: successfully reloaded assembly
- Completed reload, in  1.480 seconds
Platform modules already initialized, skipping
Shader 'Universal Render Pipeline/Particles/Lit': fallback shader 'Universal Render Pipeline/Particles/SimpleLit' not found
Refreshing native plugins compatible for Editor in 0.43 ms, found 0 plugins.
Preloading 0 native plugins for Editor in 0.00 ms.
Unloading 2331 Unused Serialized files (Serialized files now loaded: 0)
System memory in use before: 204.8 MB.
System memory in use after: 205.0 MB.

Unloading 6 unused Assets to reduce memory usage. Loaded Objects now: 3005.
Total: 2.724300 ms (FindLiveObjects: 0.252200 ms CreateObjectMapping: 0.118800 ms MarkObjects: 2.259800 ms  DeleteObjects: 0.092600 ms)

========================================================================
Received Prepare
Registering precompiled user dll's ...
Registered in 0.003434 seconds.
Begin MonoManager ReloadAssembly
Native extension for WindowsStandalone target not found
Native extension for WebGL target not found
Refreshing native plugins compatible for Editor in 0.52 ms, found 0 plugins.
Preloading 0 native plugins for Editor in 0.00 ms.
Invoked RoslynAnalysisRunner static constructor.
RoslynAnalysisRunner will not be running.
RoslynAnalysisRunner has terminated.
Mono: successfully reloaded assembly
- Completed reload, in  1.532 seconds
Platform modules already initialized, skipping
Shader 'Universal Render Pipeline/Particles/Lit': fallback shader 'Universal Render Pipeline/Particles/SimpleLit' not found
Refreshing native plugins compatible for Editor in 0.59 ms, found 0 plugins.
Preloading 0 native plugins for Editor in 0.00 ms.
Unloading 2331 Unused Serialized files (Serialized files now loaded: 0)
System memory in use before: 204.9 MB.
System memory in use after: 205.1 MB.

Unloading 6 unused Assets to reduce memory usage. Loaded Objects now: 3007.
Total: 3.687400 ms (FindLiveObjects: 0.383400 ms CreateObjectMapping: 0.172500 ms MarkObjects: 3.013300 ms  DeleteObjects: 0.116500 ms)

========================================================================
Received Prepare
Registering precompiled user dll's ...
Registered in 0.001975 seconds.
Begin MonoManager ReloadAssembly
Native extension for WindowsStandalone target not found
Native extension for WebGL target not found
Refreshing native plugins compatible for Editor in 0.80 ms, found 0 plugins.
Preloading 0 native plugins for Editor in 0.00 ms.
Invoked RoslynAnalysisRunner static constructor.
RoslynAnalysisRunner will not be running.
RoslynAnalysisRunner has terminated.
Mono: successfully reloaded assembly
- Completed reload, in  1.304 seconds
Platform modules already initialized, skipping
Shader 'Universal Render Pipeline/Particles/Lit': fallback shader 'Universal Render Pipeline/Particles/SimpleLit' not found
Refreshing native plugins compatible for Editor in 0.49 ms, found 0 plugins.
Preloading 0 native plugins for Editor in 0.00 ms.
Unloading 2331 Unused Serialized files (Serialized files now loaded: 0)
System memory in use before: 204.9 MB.
System memory in use after: 205.1 MB.

Unloading 6 unused Assets to reduce memory usage. Loaded Objects now: 3009.
Total: 3.223900 ms (FindLiveObjects: 0.454900 ms CreateObjectMapping: 0.181200 ms MarkObjects: 2.450400 ms  DeleteObjects: 0.135600 ms)

========================================================================
Received Prepare
Registering precompiled user dll's ...
Registered in 0.006114 seconds.
Begin MonoManager ReloadAssembly
Native extension for WindowsStandalone target not found
Native extension for WebGL target not found
Refreshing native plugins compatible for Editor in 0.78 ms, found 0 plugins.
Preloading 0 native plugins for Editor in 0.00 ms.
Invoked RoslynAnalysisRunner static constructor.
RoslynAnalysisRunner will not be running.
RoslynAnalysisRunner has terminated.
Mono: successfully reloaded assembly
- Completed reload, in  2.993 seconds
Platform modules already initialized, skipping
Shader 'Universal Render Pipeline/Particles/Lit': fallback shader 'Universal Render Pipeline/Particles/SimpleLit' not found
Refreshing native plugins compatible for Editor in 0.88 ms, found 0 plugins.
Preloading 0 native plugins for Editor in 0.00 ms.
Unloading 2331 Unused Serialized files (Serialized files now loaded: 0)
System memory in use before: 204.9 MB.
System memory in use after: 205.1 MB.

Unloading 6 unused Assets to reduce memory usage. Loaded Objects now: 3011.
Total: 6.755100 ms (FindLiveObjects: 0.734800 ms CreateObjectMapping: 0.330300 ms MarkObjects: 5.510800 ms  DeleteObjects: 0.176200 ms)

========================================================================
Received Prepare
Registering precompiled user dll's ...
Registered in 0.003191 seconds.
Begin MonoManager ReloadAssembly
Native extension for WindowsStandalone target not found
Native extension for WebGL target not found
Refreshing native plugins compatible for Editor in 0.45 ms, found 0 plugins.
Preloading 0 native plugins for Editor in 0.00 ms.
Invoked RoslynAnalysisRunner static constructor.
RoslynAnalysisRunner will not be running.
RoslynAnalysisRunner has terminated.
Mono: successfully reloaded assembly
- Completed reload, in  1.308 seconds
Platform modules already initialized, skipping
Shader 'Universal Render Pipeline/Particles/Lit': fallback shader 'Universal Render Pipeline/Particles/SimpleLit' not found
Refreshing native plugins compatible for Editor in 0.47 ms, found 0 plugins.
Preloading 0 native plugins for Editor in 0.00 ms.
Unloading 2331 Unused Serialized files (Serialized files now loaded: 0)
System memory in use before: 205.0 MB.
System memory in use after: 205.1 MB.

Unloading 6 unused Assets to reduce memory usage. Loaded Objects now: 3013.
Total: 3.199800 ms (FindLiveObjects: 0.468400 ms CreateObjectMapping: 0.204800 ms MarkObjects: 2.425900 ms  DeleteObjects: 0.099400 ms)

========================================================================
Received Prepare
Registering precompiled user dll's ...
Registered in 0.002019 seconds.
Begin MonoManager ReloadAssembly
Native extension for WindowsStandalone target not found
Native extension for WebGL target not found
Refreshing native plugins compatible for Editor in 0.63 ms, found 0 plugins.
Preloading 0 native plugins for Editor in 0.00 ms.
Invoked RoslynAnalysisRunner static constructor.
RoslynAnalysisRunner will not be running.
RoslynAnalysisRunner has terminated.
Mono: successfully reloaded assembly
- Completed reload, in  1.764 seconds
Platform modules already initialized, skipping
Shader 'Universal Render Pipeline/Particles/Lit': fallback shader 'Universal Render Pipeline/Particles/SimpleLit' not found
Refreshing native plugins compatible for Editor in 1.30 ms, found 0 plugins.
Preloading 0 native plugins for Editor in 0.00 ms.
Unloading 2331 Unused Serialized files (Serialized files now loaded: 0)
System memory in use before: 204.9 MB.
System memory in use after: 205.1 MB.

Unloading 6 unused Assets to reduce memory usage. Loaded Objects now: 3015.
Total: 3.643400 ms (FindLiveObjects: 0.591900 ms CreateObjectMapping: 0.242800 ms MarkObjects: 2.697000 ms  DeleteObjects: 0.109300 ms)

